#
# There is insufficient memory for the Java Runtime Environment to continue.
# Native memory allocation (malloc) failed to allocate 928736 bytes for Chunk::new
# Possible reasons:
#   The system is out of physical RAM or swap space
#   In 32 bit mode, the process size limit was hit
# Possible solutions:
#   Reduce memory load on the system
#   Increase physical memory or swap space
#   Check if swap backing store is full
#   Use 64 bit Java on a 64 bit OS
#   Decrease Java heap size (-Xmx/-Xms)
#   Decrease number of Java threads
#   Decrease Java thread stack sizes (-Xss)
#   Set larger code cache with -XX:ReservedCodeCacheSize=
# This output file may be truncated or incomplete.
#
#  Out of Memory Error (allocation.cpp:390), pid=3400, tid=1400
#
# JRE version: Java(TM) SE Runtime Environment (8.0_73-b02) (build 1.8.0_73-b02)
# Java VM: Java HotSpot(TM) 64-Bit Server VM (25.73-b02 mixed mode windows-amd64 compressed oops)
# Failed to write core dump. Minidumps are not enabled by default on client versions of Windows
#

---------------  T H R E A D  ---------------

Current thread (0x00000000146cb000):  JavaThread "C2 CompilerThread1" daemon [_thread_in_native, id=1400, stack(0x0000000015f40000,0x0000000016040000)]

Stack: [0x0000000015f40000,0x0000000016040000]
[error occurred during error reporting (printing stack bounds), id 0xc0000005]

Native frames: (J=compiled Java code, j=interpreted, Vv=VM code, C=native code)


Current CompileTask:
C2:   5966 1631   !   4       com.android.dx.cf.code.RopperMachine::run (1550 bytes)


---------------  P R O C E S S  ---------------

Java Threads: ( => current thread )
  0x0000000016431000 JavaThread "pool-1-thread-4" [_thread_in_Java, id=3224, stack(0x0000000016b40000,0x0000000016c40000)]
  0x0000000016430800 JavaThread "pool-1-thread-3" [_thread_in_Java, id=2840, stack(0x0000000016a40000,0x0000000016b40000)]
  0x00000000163c7000 JavaThread "pool-1-thread-2" [_thread_in_Java, id=2228, stack(0x0000000016940000,0x0000000016a40000)]
  0x00000000163c6000 JavaThread "pool-2-thread-1" [_thread_blocked, id=2512, stack(0x0000000016840000,0x0000000016940000)]
  0x00000000163c5800 JavaThread "pool-1-thread-1" [_thread_in_Java, id=3240, stack(0x0000000016740000,0x0000000016840000)]
  0x000000001615d000 JavaThread "Service Thread" daemon [_thread_blocked, id=3016, stack(0x0000000016540000,0x0000000016640000)]
  0x00000000146d0000 JavaThread "C1 CompilerThread2" daemon [_thread_blocked, id=1984, stack(0x0000000016040000,0x0000000016140000)]
=>0x00000000146cb000 JavaThread "C2 CompilerThread1" daemon [_thread_in_native, id=1400, stack(0x0000000015f40000,0x0000000016040000)]
  0x00000000146c8000 JavaThread "C2 CompilerThread0" daemon [_thread_in_native, id=2480, stack(0x0000000015e40000,0x0000000015f40000)]
  0x00000000146d6000 JavaThread "Attach Listener" daemon [_thread_blocked, id=3680, stack(0x0000000015d40000,0x0000000015e40000)]
  0x00000000146d4800 JavaThread "Signal Dispatcher" daemon [_thread_blocked, id=2788, stack(0x0000000015c40000,0x0000000015d40000)]
  0x0000000001ff6000 JavaThread "Finalizer" daemon [_thread_blocked, id=1696, stack(0x0000000015940000,0x0000000015a40000)]
  0x0000000001fed000 JavaThread "Reference Handler" daemon [_thread_blocked, id=2368, stack(0x0000000015840000,0x0000000015940000)]
  0x0000000001f00800 JavaThread "main" [_thread_in_Java, id=2912, stack(0x0000000001df0000,0x0000000001ef0000)]

Other Threads:
  0x0000000014697800 VMThread [stack: 0x0000000015740000,0x0000000015840000] [id=2248]
  0x0000000016161800 WatcherThread [stack: 0x0000000016640000,0x0000000016740000] [id=2848]

VM state:not at safepoint (normal execution)

VM Mutex/Monitor currently owned by a thread: None

Heap:
 PSYoungGen      total 31744K, used 11471K [0x00000000eab00000, 0x00000000ee900000, 0x0000000100000000)
  eden space 29696K, 31% used [0x00000000eab00000,0x00000000eb435fe0,0x00000000ec800000)
  from space 2048K, 99% used [0x00000000ec800000,0x00000000ec9fdc78,0x00000000eca00000)
  to   space 2048K, 0% used [0x00000000ee700000,0x00000000ee700000,0x00000000ee900000)
 ParOldGen       total 38400K, used 7154K [0x00000000c0000000, 0x00000000c2580000, 0x00000000eab00000)
  object space 38400K, 18% used [0x00000000c0000000,0x00000000c06fca98,0x00000000c2580000)
 Metaspace       used 6251K, capacity 7088K, committed 7296K, reserved 1056768K
  class space    used 596K, capacity 616K, committed 640K, reserved 1048576K

Card table byte_map: [0x00000000113c0000,0x00000000115d0000] byte_map_base: 0x0000000010dc0000

Marking Bits: (ParMarkBitMap*) 0x0000000065450600
 Begin Bits: [0x0000000011b30000, 0x0000000012b30000)
 End Bits:   [0x0000000012b30000, 0x0000000013b30000)

Polling page: 0x0000000000620000

CodeCache: size=245760Kb used=6967Kb max_used=6979Kb free=238792Kb
 bounds [0x0000000002000000, 0x00000000026e0000, 0x0000000011000000]
 total_blobs=1922 nmethods=1653 adapters=182
 compilation: enabled

Compilation events (10 events):
Event: 5.869 Thread 0x00000000146d0000 1666       3       com.android.dx.rop.cst.CstArray::<init> (28 bytes)
Event: 5.869 Thread 0x00000000146d0000 nmethod 1666 0x00000000026d1210 code [0x00000000026d13c0, 0x00000000026d18d8]
Event: 5.870 Thread 0x00000000146d0000 1667       1       com.android.dx.cf.attrib.AttExceptions::getExceptions (5 bytes)
Event: 5.870 Thread 0x00000000146d0000 nmethod 1667 0x00000000026b8d50 code [0x00000000026b8ea0, 0x00000000026b8fb0]
Event: 5.874 Thread 0x00000000146d0000 1668       3       com.android.dx.rop.code.RegisterSpec::getFrameType (10 bytes)
Event: 5.875 Thread 0x00000000146d0000 nmethod 1668 0x00000000026cb610 code [0x00000000026cb780, 0x00000000026cb9a8]
Event: 5.886 Thread 0x00000000146cb000 nmethod 1632 0x00000000026d51d0 code [0x00000000026d53c0, 0x00000000026d5e38]
Event: 5.886 Thread 0x00000000146cb000 1656       4       com.android.dx.cf.code.Ropper::getAvailableLabel (54 bytes)
Event: 5.901 Thread 0x00000000146cb000 nmethod 1656 0x00000000026d6d50 code [0x00000000026d6ec0, 0x00000000026d72d8]
Event: 5.901 Thread 0x00000000146cb000 1631   !   4       com.android.dx.cf.code.RopperMachine::run (1550 bytes)

GC Heap History (6 events):
Event: 1.185 GC heap before
{Heap before GC invocations=1 (full 0):
 PSYoungGen      total 16896K, used 14848K [0x00000000eab00000, 0x00000000ebd80000, 0x0000000100000000)
  eden space 14848K, 100% used [0x00000000eab00000,0x00000000eb980000,0x00000000eb980000)
  from space 2048K, 0% used [0x00000000ebb80000,0x00000000ebb80000,0x00000000ebd80000)
  to   space 2048K, 0% used [0x00000000eb980000,0x00000000eb980000,0x00000000ebb80000)
 ParOldGen       total 38400K, used 0K [0x00000000c0000000, 0x00000000c2580000, 0x00000000eab00000)
  object space 38400K, 0% used [0x00000000c0000000,0x00000000c0000000,0x00000000c2580000)
 Metaspace       used 4900K, capacity 5936K, committed 6272K, reserved 1056768K
  class space    used 539K, capacity 552K, committed 640K, reserved 1048576K
Event: 1.225 GC heap after
Heap after GC invocations=1 (full 0):
 PSYoungGen      total 16896K, used 2032K [0x00000000eab00000, 0x00000000ecc00000, 0x0000000100000000)
  eden space 14848K, 0% used [0x00000000eab00000,0x00000000eab00000,0x00000000eb980000)
  from space 2048K, 99% used [0x00000000eb980000,0x00000000ebb7c080,0x00000000ebb80000)
  to   space 2048K, 0% used [0x00000000eca00000,0x00000000eca00000,0x00000000ecc00000)
 ParOldGen       total 38400K, used 371K [0x00000000c0000000, 0x00000000c2580000, 0x00000000eab00000)
  object space 38400K, 0% used [0x00000000c0000000,0x00000000c005cde8,0x00000000c2580000)
 Metaspace       used 4900K, capacity 5936K, committed 6272K, reserved 1056768K
  class space    used 539K, capacity 552K, committed 640K, reserved 1048576K
}
Event: 2.364 GC heap before
{Heap before GC invocations=2 (full 0):
 PSYoungGen      total 16896K, used 16880K [0x00000000eab00000, 0x00000000ecc00000, 0x0000000100000000)
  eden space 14848K, 100% used [0x00000000eab00000,0x00000000eb980000,0x00000000eb980000)
  from space 2048K, 99% used [0x00000000eb980000,0x00000000ebb7c080,0x00000000ebb80000)
  to   space 2048K, 0% used [0x00000000eca00000,0x00000000eca00000,0x00000000ecc00000)
 ParOldGen       total 38400K, used 371K [0x00000000c0000000, 0x00000000c2580000, 0x00000000eab00000)
  object space 38400K, 0% used [0x00000000c0000000,0x00000000c005cde8,0x00000000c2580000)
 Metaspace       used 5949K, capacity 6832K, committed 7040K, reserved 1056768K
  class space    used 596K, capacity 616K, committed 640K, reserved 1048576K
Event: 2.524 GC heap after
Heap after GC invocations=2 (full 0):
 PSYoungGen      total 31744K, used 2039K [0x00000000eab00000, 0x00000000ecc00000, 0x0000000100000000)
  eden space 29696K, 0% used [0x00000000eab00000,0x00000000eab00000,0x00000000ec800000)
  from space 2048K, 99% used [0x00000000eca00000,0x00000000ecbfdc78,0x00000000ecc00000)
  to   space 2048K, 0% used [0x00000000ec800000,0x00000000ec800000,0x00000000eca00000)
 ParOldGen       total 38400K, used 2372K [0x00000000c0000000, 0x00000000c2580000, 0x00000000eab00000)
  object space 38400K, 6% used [0x00000000c0000000,0x00000000c02510b0,0x00000000c2580000)
 Metaspace       used 5949K, capacity 6832K, committed 7040K, reserved 1056768K
  class space    used 596K, capacity 616K, committed 640K, reserved 1048576K
}
Event: 5.331 GC heap before
{Heap before GC invocations=3 (full 0):
 PSYoungGen      total 31744K, used 31735K [0x00000000eab00000, 0x00000000ecc00000, 0x0000000100000000)
  eden space 29696K, 100% used [0x00000000eab00000,0x00000000ec800000,0x00000000ec800000)
  from space 2048K, 99% used [0x00000000eca00000,0x00000000ecbfdc78,0x00000000ecc00000)
  to   space 2048K, 0% used [0x00000000ec800000,0x00000000ec800000,0x00000000eca00000)
 ParOldGen       total 38400K, used 2372K [0x00000000c0000000, 0x00000000c2580000, 0x00000000eab00000)
  object space 38400K, 6% used [0x00000000c0000000,0x00000000c02510b0,0x00000000c2580000)
 Metaspace       used 6237K, capacity 7088K, committed 7296K, reserved 1056768K
  class space    used 596K, capacity 616K, committed 640K, reserved 1048576K
Event: 5.475 GC heap after
Heap after GC invocations=3 (full 0):
 PSYoungGen      total 31744K, used 2039K [0x00000000eab00000, 0x00000000ee900000, 0x0000000100000000)
  eden space 29696K, 0% used [0x00000000eab00000,0x00000000eab00000,0x00000000ec800000)
  from space 2048K, 99% used [0x00000000ec800000,0x00000000ec9fdc78,0x00000000eca00000)
  to   space 2048K, 0% used [0x00000000ee700000,0x00000000ee700000,0x00000000ee900000)
 ParOldGen       total 38400K, used 7154K [0x00000000c0000000, 0x00000000c2580000, 0x00000000eab00000)
  object space 38400K, 18% used [0x00000000c0000000,0x00000000c06fca98,0x00000000c2580000)
 Metaspace       used 6237K, capacity 7088K, committed 7296K, reserved 1056768K
  class space    used 596K, capacity 616K, committed 640K, reserved 1048576K
}

Deoptimization events (9 events):
Event: 1.473 Thread 0x0000000001f00800 Uncommon trap: reason=unstable_if action=reinterpret pc=0x00000000021f76d4 method=java.lang.String.<init>([CII)V @ 18
Event: 1.521 Thread 0x00000000163c5800 Uncommon trap: reason=unstable_if action=reinterpret pc=0x000000000221efa4 method=java.util.HashMap.getNode(ILjava/lang/Object;)Ljava/util/HashMap$Node; @ 129
Event: 1.811 Thread 0x0000000001f00800 Uncommon trap: reason=class_check action=maybe_recompile pc=0x00000000022ef940 method=com.android.dx.rop.type.Type.equals(Ljava/lang/Object;)Z @ 8
Event: 1.815 Thread 0x0000000001f00800 Uncommon trap: reason=class_check action=maybe_recompile pc=0x00000000022ef940 method=com.android.dx.rop.type.Type.equals(Ljava/lang/Object;)Z @ 8
Event: 1.894 Thread 0x0000000016431000 Uncommon trap: reason=class_check action=maybe_recompile pc=0x0000000002346e00 method=com.android.dx.rop.type.Type.equals(Ljava/lang/Object;)Z @ 8
Event: 1.895 Thread 0x0000000016431000 Uncommon trap: reason=class_check action=maybe_recompile pc=0x0000000002346e00 method=com.android.dx.rop.type.Type.equals(Ljava/lang/Object;)Z @ 8
Event: 1.905 Thread 0x0000000016431000 Uncommon trap: reason=class_check action=maybe_recompile pc=0x00000000022ef940 method=com.android.dx.rop.type.Type.equals(Ljava/lang/Object;)Z @ 8
Event: 1.905 Thread 0x0000000016431000 Uncommon trap: reason=unstable_if action=reinterpret pc=0x000000000225edfc method=java.util.HashMap.getNode(ILjava/lang/Object;)Ljava/util/HashMap$Node; @ 129
Event: 2.662 Thread 0x00000000163c7000 Uncommon trap: reason=unstable_if action=reinterpret pc=0x000000000243a07c method=com.android.dx.util.IntList.binarysearch(I)I @ 105

Internal exceptions (2 events):
Event: 0.089 Thread 0x0000000001f00800 Exception <a 'java/lang/NoSuchMethodError': Method sun.misc.Unsafe.defineClass(Ljava/lang/String;[BII)Ljava/lang/Class; name or signature does not match> (0x00000000eab130a8) thrown at [D:\re\puppet\workspace\8-2-build-windows-amd64-cygwin\jdk8u73\6086\hot…ÎÜ™Ý¶?
Event: 0.089 Thread 0x0000000001f00800 Exception <a 'java/lang/NoSuchMethodError': Method sun.misc.Unsafe.prefetchRead(Ljava/lang/Object;J)V name or signature does not match> (0x00000000eab13390) thrown at [D:\re\puppet\workspace\8-2-build-windows-amd64-cygwin\jdk8u73\6086\hotspot\src\share\vm\

Events (10 events):
Event: 2.524 Executing VM operation: ParallelGCFailedAllocation done
Event: 2.642 loading class com/android/dx/cf/attrib/AttExceptions
Event: 2.642 loading class com/android/dx/cf/attrib/AttExceptions done
Event: 2.662 Thread 0x00000000163c7000 Uncommon trap: trap_request=0xffffff65 fr.pc=0x000000000243a07c
Event: 2.662 Thread 0x00000000163c7000 DEOPT PACKING pc=0x000000000243a07c sp=0x0000000016a3eb80
Event: 2.662 Thread 0x00000000163c7000 DEOPT UNPACKING pc=0x000000000204582a sp=0x0000000016a3eaf8 mode 2
Event: 4.284 Executing VM operation: EnableBiasedLocking
Event: 4.409 Executing VM operation: EnableBiasedLocking done
Event: 5.330 Executing VM operation: ParallelGCFailedAllocation
Event: 5.475 Executing VM operation: ParallelGCFailedAllocation done


Dynamic libraries:
0x00007ff672840000 - 0x00007ff672877000 	C:\Program Files\Java\jdk1.8.0_73\bin\java.exe
0x00007ffaad170000 - 0x00007ffaad319000 	C:\Windows\SYSTEM32\ntdll.dll
0x00007ffaab830000 - 0x00007ffaab969000 	C:\Windows\system32\KERNEL32.DLL
0x00007ffaaa8a0000 - 0x00007ffaaa9ae000 	C:\Windows\system32\KERNELBASE.dll
0x00007ffaa9130000 - 0x00007ffaa91bb000 	C:\Windows\system32\apphelp.dll
0x00007ffaa37c0000 - 0x00007ffaa380f000 	C:\Windows\AppPatch\AppPatch64\AcGenral.DLL
0x00007ffaaaa70000 - 0x00007ffaaab17000 	C:\Windows\system32\msvcrt.dll
0x00007ffaaa330000 - 0x00007ffaaa35b000 	C:\Windows\SYSTEM32\SspiCli.dll
0x00007ffaaaa00000 - 0x00007ffaaaa51000 	C:\Windows\system32\SHLWAPI.dll
0x00007ffaaaf70000 - 0x00007ffaab0e1000 	C:\Windows\system32\USER32.dll
0x00007ffaab0f0000 - 0x00007ffaab266000 	C:\Windows\system32\ole32.dll
0x00007ffaabbc0000 - 0x00007ffaacfcf000 	C:\Windows\system32\SHELL32.dll
0x00007ffaa9b60000 - 0x00007ffaa9b7f000 	C:\Windows\SYSTEM32\USERENV.dll
0x00007ffaab3c0000 - 0x00007ffaab465000 	C:\Windows\system32\ADVAPI32.dll
0x00007ffaa3740000 - 0x00007ffaa375b000 	C:\Windows\SYSTEM32\MPR.dll
0x00007ffaaadc0000 - 0x00007ffaaaef6000 	C:\Windows\system32\RPCRT4.dll
0x00007ffaaab80000 - 0x00007ffaaabd7000 	C:\Windows\SYSTEM32\sechost.dll
0x00007ffaab650000 - 0x00007ffaab827000 	C:\Windows\SYSTEM32\combase.dll
0x00007ffaab270000 - 0x00007ffaab3b5000 	C:\Windows\system32\GDI32.dll
0x00007ffaaa4f0000 - 0x00007ffaaa504000 	C:\Windows\SYSTEM32\profapi.dll
0x00007ffaa8d90000 - 0x00007ffaa8e31000 	C:\Windows\SYSTEM32\SHCORE.dll
0x00007ffaaaf00000 - 0x00007ffaaaf34000 	C:\Windows\system32\IMM32.DLL
0x00007ffaab970000 - 0x00007ffaabaa8000 	C:\Windows\system32\MSCTF.dll
0x00007ffaa6c30000 - 0x00007ffaa6e8a000 	C:\Windows\WinSxS\amd64_microsoft.windows.common-controls_6595b64144ccf1df_6.0.9600.16384_none_62475f7becb72503\COMCTL32.dll
0x0000000063e60000 - 0x0000000063f32000 	C:\Program Files\Java\jdk1.8.0_73\jre\bin\msvcr100.dll
0x0000000064c40000 - 0x00000000654d0000 	C:\Program Files\Java\jdk1.8.0_73\jre\bin\server\jvm.dll
0x00007ffaa6a00000 - 0x00007ffaa6a09000 	C:\Windows\SYSTEM32\WSOCK32.dll
0x00007ffaa8360000 - 0x00007ffaa837f000 	C:\Windows\SYSTEM32\WINMM.dll
0x00007ffaa8380000 - 0x00007ffaa838a000 	C:\Windows\SYSTEM32\VERSION.dll
0x00007ffaaaa60000 - 0x00007ffaaaa67000 	C:\Windows\system32\PSAPI.DLL
0x00007ffaaab20000 - 0x00007ffaaab78000 	C:\Windows\system32\WS2_32.dll
0x00007ffaa8330000 - 0x00007ffaa835a000 	C:\Windows\SYSTEM32\WINMMBASE.dll
0x00007ffaab470000 - 0x00007ffaab479000 	C:\Windows\system32\NSI.dll
0x00007ffaaa670000 - 0x00007ffaaa6ba000 	C:\Windows\SYSTEM32\cfgmgr32.dll
0x00007ffaa9380000 - 0x00007ffaa93a6000 	C:\Windows\SYSTEM32\DEVOBJ.dll
0x0000000064b50000 - 0x0000000064b5f000 	C:\Program Files\Java\jdk1.8.0_73\jre\bin\verify.dll
0x0000000064b20000 - 0x0000000064b49000 	C:\Program Files\Java\jdk1.8.0_73\jre\bin\java.dll
0x0000000064b00000 - 0x0000000064b16000 	C:\Program Files\Java\jdk1.8.0_73\jre\bin\zip.dll

VM Arguments:
jvm_args: -Djava.awt.headless=true -Xmx1024M -Dfile.encoding=windows-1251 -Duser.country=RU -Duser.language=ru -Duser.variant 
java_command: com.android.dx.command.Main --dex --num-threads=4 --output E:\vkDocs-original\app\build\intermediates\pre-dexed\debug\com.google.android.gms-play-services-drive-8.4.0_26ddbb75bae5604fd65fa029863c52db041ece1c.jar E:\vkDocs-original\app\build\intermediates\exploded-aar\com.google.android.gms\play-services-drive\8.4.0\jars\classes.jar
java_class_path (initial): C:\Users\pride\AppData\Local\Android\sdk\build-tools\23.0.2\lib\dx.jar
Launcher Type: SUN_STANDARD

Environment Variables:
PATH=C:\ProgramData\Oracle\Java\javapath;C:\Windows\system32;C:\Windows;C:\Windows\System32\Wbem;C:\Windows\System32\WindowsPowerShell\v1.0\
USERNAME=pride
OS=Windows_NT
PROCESSOR_IDENTIFIER=AMD64 Family 22 Model 48 Stepping 1, AuthenticAMD



---------------  S Y S T E M  ---------------

OS: Windows 8.1 , 64 bit Build 9600 (6.3.9600.16408)

CPU:total 4 (4 cores per cpu, 1 threads per core) family 22 model 48 stepping 1, cmov, cx8, fxsr, mmx, sse, sse2, sse3, ssse3, sse4.1, sse4.2, popcnt, avx, aes, clmul, mmxext, 3dnowpref, lzcnt, sse4a, tsc, tscinvbit, tscinv, bmi1

Memory: 4k page, physical 3629328k(748884k free), swap 3629328k(10288k free)

vm_info: Java HotSpot(TM) 64-Bit Server VM (25.73-b02) for windows-amd64 JRE (1.8.0_73-b02), built on Jan 29 2016 17:38:49 by "java_re" with MS VC++ 10.0 (VS2010)

time: Tue Feb 09 00:21:13 2016
elapsed time: 5 seconds (0d 0h 0m 5s)

