#
# There is insufficient memory for the Java Runtime Environment to continue.
# Native memory allocation (malloc) failed to allocate 32744 bytes for ChunkPool::allocate
# Possible reasons:
#   The system is out of physical RAM or swap space
#   In 32 bit mode, the process size limit was hit
# Possible solutions:
#   Reduce memory load on the system
#   Increase physical memory or swap space
#   Check if swap backing store is full
#   Use 64 bit Java on a 64 bit OS
#   Decrease Java heap size (-Xmx/-Xms)
#   Decrease number of Java threads
#   Decrease Java thread stack sizes (-Xss)
#   Set larger code cache with -XX:ReservedCodeCacheSize=
# This output file may be truncated or incomplete.
#
#  Out of Memory Error (allocation.cpp:273), pid=2644, tid=2916
#
# JRE version: Java(TM) SE Runtime Environment (8.0_73-b02) (build 1.8.0_73-b02)
# Java VM: Java HotSpot(TM) 64-Bit Server VM (25.73-b02 mixed mode windows-amd64 compressed oops)
# Failed to write core dump. Minidumps are not enabled by default on client versions of Windows
#

---------------  T H R E A D  ---------------

Current thread (0x0000000015163000):  JavaThread "C1 CompilerThread2" daemon [_thread_in_native, id=2916, stack(0x0000000016ad0000,0x0000000016bd0000)]

Stack: [0x0000000016ad0000,0x0000000016bd0000]
[error occurred during error reporting (printing stack bounds), id 0xc0000005]

Native frames: (J=compiled Java code, j=interpreted, Vv=VM code, C=native code)


Current CompileTask:
C1:   3263  569   !   3       com.android.dx.cf.code.BytecodeArray::parseInstruction (2764 bytes)


---------------  P R O C E S S  ---------------

Java Threads: ( => current thread )
  0x0000000016ecd000 JavaThread "pool-1-thread-4" [_thread_blocked, id=2676, stack(0x00000000175d0000,0x00000000176d0000)]
  0x0000000016ebe000 JavaThread "pool-1-thread-3" [_thread_blocked, id=3052, stack(0x00000000174d0000,0x00000000175d0000)]
  0x0000000016e31800 JavaThread "pool-1-thread-2" [_thread_blocked, id=3464, stack(0x00000000173d0000,0x00000000174d0000)]
  0x0000000016e1a000 JavaThread "pool-2-thread-1" [_thread_blocked, id=2796, stack(0x00000000172d0000,0x00000000173d0000)]
  0x0000000016e19800 JavaThread "pool-1-thread-1" [_thread_in_Java, id=712, stack(0x00000000171d0000,0x00000000172d0000)]
  0x00000000151bc000 JavaThread "Service Thread" daemon [_thread_blocked, id=3484, stack(0x0000000016fd0000,0x00000000170d0000)]
=>0x0000000015163000 JavaThread "C1 CompilerThread2" daemon [_thread_in_native, id=2916, stack(0x0000000016ad0000,0x0000000016bd0000)]
  0x000000001515b000 JavaThread "C2 CompilerThread1" daemon [_thread_blocked, id=2992, stack(0x00000000169d0000,0x0000000016ad0000)]
  0x0000000015158000 JavaThread "C2 CompilerThread0" daemon [_thread_blocked, id=2812, stack(0x00000000168d0000,0x00000000169d0000)]
  0x0000000015166000 JavaThread "Attach Listener" daemon [_thread_blocked, id=3468, stack(0x00000000167d0000,0x00000000168d0000)]
  0x0000000015164800 JavaThread "Signal Dispatcher" daemon [_thread_blocked, id=1472, stack(0x00000000166d0000,0x00000000167d0000)]
  0x0000000002a80000 JavaThread "Finalizer" daemon [_thread_blocked, id=3308, stack(0x00000000163d0000,0x00000000164d0000)]
  0x0000000002a7d000 JavaThread "Reference Handler" daemon [_thread_blocked, id=3604, stack(0x00000000162d0000,0x00000000163d0000)]
  0x0000000002990800 JavaThread "main" [_thread_blocked, id=4088, stack(0x00000000027c0000,0x00000000028c0000)]

Other Threads:
  0x0000000015127800 VMThread [stack: 0x00000000161d0000,0x00000000162d0000] [id=876]
  0x00000000151be800 WatcherThread [stack: 0x00000000170d0000,0x00000000171d0000] [id=424]

VM state:not at safepoint (normal execution)

VM Mutex/Monitor currently owned by a thread: None

Heap:
 PSYoungGen      total 16896K, used 3783K [0x00000000eab00000, 0x00000000ebd80000, 0x0000000100000000)
  eden space 14848K, 11% used [0x00000000eab00000,0x00000000eacb31a8,0x00000000eb980000)
  from space 2048K, 99% used [0x00000000eb980000,0x00000000ebb7ea98,0x00000000ebb80000)
  to   space 2048K, 0% used [0x00000000ebb80000,0x00000000ebb80000,0x00000000ebd80000)
 ParOldGen       total 38400K, used 1368K [0x00000000c0000000, 0x00000000c2580000, 0x00000000eab00000)
  object space 38400K, 3% used [0x00000000c0000000,0x00000000c01560b8,0x00000000c2580000)
 Metaspace       used 5546K, capacity 6512K, committed 6784K, reserved 1056768K
  class space    used 592K, capacity 616K, committed 640K, reserved 1048576K

Card table byte_map: [0x0000000011e50000,0x0000000012060000] byte_map_base: 0x0000000011850000

Marking Bits: (ParMarkBitMap*) 0x00000000654b0600
 Begin Bits: [0x00000000125c0000, 0x00000000135c0000)
 End Bits:   [0x00000000135c0000, 0x00000000145c0000)

Polling page: 0x0000000000e30000

CodeCache: size=245760Kb used=2208Kb max_used=2230Kb free=243551Kb
 bounds [0x0000000002a90000, 0x0000000002d00000, 0x0000000011a90000]
 total_blobs=830 nmethods=562 adapters=182
 compilation: enabled

Compilation events (10 events):
Event: 3.221 Thread 0x0000000015158000  583       4       java.util.BitSet::get (69 bytes)
Event: 3.222 Thread 0x000000001515b000  584       4       com.android.dx.util.IntList::add (65 bytes)
Event: 3.223 Thread 0x0000000015158000 nmethod 583 0x0000000002cbaa90 code [0x0000000002cbabc0, 0x0000000002cbac98]
Event: 3.223 Thread 0x0000000015158000  585       4       com.android.dx.util.IntList::growIfNeeded (46 bytes)
Event: 3.228 Thread 0x0000000015158000 nmethod 585 0x0000000002cba5d0 code [0x0000000002cba720, 0x0000000002cba978]
Event: 3.228 Thread 0x000000001515b000 nmethod 584 0x0000000002cb9f50 code [0x0000000002cba0a0, 0x0000000002cba3f8]
Event: 3.231 Thread 0x0000000015158000  588       4       com.android.dx.ssa.NormalSsaInsn::accept (25 bytes)
Event: 3.232 Thread 0x000000001515b000  589   !   4       com.android.dx.util.FixedSizeList::set0 (22 bytes)
Event: 3.233 Thread 0x0000000015158000 nmethod 588 0x0000000002cbad50 code [0x0000000002cbaea0, 0x0000000002cbafa8]
Event: 3.233 Thread 0x000000001515b000 nmethod 589 0x0000000002cb9bd0 code [0x0000000002cb9d20, 0x0000000002cb9e38]

GC Heap History (2 events):
Event: 3.076 GC heap before
{Heap before GC invocations=1 (full 0):
 PSYoungGen      total 16896K, used 14848K [0x00000000eab00000, 0x00000000ebd80000, 0x0000000100000000)
  eden space 14848K, 100% used [0x00000000eab00000,0x00000000eb980000,0x00000000eb980000)
  from space 2048K, 0% used [0x00000000ebb80000,0x00000000ebb80000,0x00000000ebd80000)
  to   space 2048K, 0% used [0x00000000eb980000,0x00000000eb980000,0x00000000ebb80000)
 ParOldGen       total 38400K, used 0K [0x00000000c0000000, 0x00000000c2580000, 0x00000000eab00000)
  object space 38400K, 0% used [0x00000000c0000000,0x00000000c0000000,0x00000000c2580000)
 Metaspace       used 5441K, capacity 6448K, committed 6528K, reserved 1056768K
  class space    used 592K, capacity 616K, committed 640K, reserved 1048576K
Event: 3.184 GC heap after
Heap after GC invocations=1 (full 0):
 PSYoungGen      total 16896K, used 2042K [0x00000000eab00000, 0x00000000ebd80000, 0x0000000100000000)
  eden space 14848K, 0% used [0x00000000eab00000,0x00000000eab00000,0x00000000eb980000)
  from space 2048K, 99% used [0x00000000eb980000,0x00000000ebb7ea98,0x00000000ebb80000)
  to   space 2048K, 0% used [0x00000000ebb80000,0x00000000ebb80000,0x00000000ebd80000)
 ParOldGen       total 38400K, used 1368K [0x00000000c0000000, 0x00000000c2580000, 0x00000000eab00000)
  object space 38400K, 3% used [0x00000000c0000000,0x00000000c01560b8,0x00000000c2580000)
 Metaspace       used 5441K, capacity 6448K, committed 6528K, reserved 1056768K
  class space    used 592K, capacity 616K, committed 640K, reserved 1048576K
}

Deoptimization events (1 events):
Event: 3.214 Thread 0x0000000016e31800 Uncommon trap: reason=unstable_if action=reinterpret pc=0x0000000002cacc30 method=java.util.BitSet.nextSetBit(I)I @ 87

Internal exceptions (2 events):
Event: 0.154 Thread 0x0000000002990800 Exception <a 'java/lang/NoSuchMethodError': Method sun.misc.Unsafe.defineClass(Ljava/lang/String;[BII)Ljava/lang/Class; name or signature does not match> (0x00000000eab130a8) thrown at [D:\re\puppet\workspace\8-2-build-windows-amd64-cygwin\jdk8u73\6086\hotÁÚ>°Ã?
Event: 0.154 Thread 0x0000000002990800 Exception <a 'java/lang/NoSuchMethodError': Method sun.misc.Unsafe.prefetchRead(Ljava/lang/Object;J)V name or signature does not match> (0x00000000eab13390) thrown at [D:\re\puppet\workspace\8-2-build-windows-amd64-cygwin\jdk8u73\6086\hotspot\src\share\vm\

Events (10 events):
Event: 2.945 loading class com/android/dx/dex/code/DalvCode done
Event: 2.946 loading class java/io/PrintWriter
Event: 2.946 loading class java/io/PrintWriter done
Event: 2.947 loading class com/android/dx/dex/file/DebugInfoItem
Event: 2.947 loading class com/android/dx/dex/file/DebugInfoItem done
Event: 2.971 Executing VM operation: ParallelGCFailedAllocation
Event: 3.184 Executing VM operation: ParallelGCFailedAllocation done
Event: 3.214 Thread 0x0000000016e31800 Uncommon trap: trap_request=0xffffff65 fr.pc=0x0000000002cacc30
Event: 3.214 Thread 0x0000000016e31800 DEOPT PACKING pc=0x0000000002cacc30 sp=0x00000000174ceb30
Event: 3.214 Thread 0x0000000016e31800 DEOPT UNPACKING pc=0x0000000002ad582a sp=0x00000000174ceac8 mode 2


Dynamic libraries:
0x00007ff672840000 - 0x00007ff672877000 	C:\Program Files\Java\jdk1.8.0_73\bin\java.exe
0x00007ffaad170000 - 0x00007ffaad319000 	C:\Windows\SYSTEM32\ntdll.dll
0x00007ffaab830000 - 0x00007ffaab969000 	C:\Windows\system32\KERNEL32.DLL
0x00007ffaaa8a0000 - 0x00007ffaaa9ae000 	C:\Windows\system32\KERNELBASE.dll
0x00007ffaa9130000 - 0x00007ffaa91bb000 	C:\Windows\system32\apphelp.dll
0x00007ffaa6d00000 - 0x00007ffaa6d4f000 	C:\Windows\AppPatch\AppPatch64\AcGenral.DLL
0x00007ffaaaa70000 - 0x00007ffaaab17000 	C:\Windows\system32\msvcrt.dll
0x00007ffaaa330000 - 0x00007ffaaa35b000 	C:\Windows\SYSTEM32\SspiCli.dll
0x00007ffaaaa00000 - 0x00007ffaaaa51000 	C:\Windows\system32\SHLWAPI.dll
0x00007ffaaaf70000 - 0x00007ffaab0e1000 	C:\Windows\system32\USER32.dll
0x00007ffaab0f0000 - 0x00007ffaab266000 	C:\Windows\system32\ole32.dll
0x00007ffaabbc0000 - 0x00007ffaacfcf000 	C:\Windows\system32\SHELL32.dll
0x00007ffaa9b60000 - 0x00007ffaa9b7f000 	C:\Windows\SYSTEM32\USERENV.dll
0x00007ffaab3c0000 - 0x00007ffaab465000 	C:\Windows\system32\ADVAPI32.dll
0x00007ffaa6660000 - 0x00007ffaa667b000 	C:\Windows\SYSTEM32\MPR.dll
0x00007ffaaadc0000 - 0x00007ffaaaef6000 	C:\Windows\system32\RPCRT4.dll
0x00007ffaaab80000 - 0x00007ffaaabd7000 	C:\Windows\SYSTEM32\sechost.dll
0x00007ffaab650000 - 0x00007ffaab827000 	C:\Windows\SYSTEM32\combase.dll
0x00007ffaab270000 - 0x00007ffaab3b5000 	C:\Windows\system32\GDI32.dll
0x00007ffaaa4f0000 - 0x00007ffaaa504000 	C:\Windows\SYSTEM32\profapi.dll
0x00007ffaa8d90000 - 0x00007ffaa8e31000 	C:\Windows\SYSTEM32\SHCORE.dll
0x00007ffaaaf00000 - 0x00007ffaaaf34000 	C:\Windows\system32\IMM32.DLL
0x00007ffaab970000 - 0x00007ffaabaa8000 	C:\Windows\system32\MSCTF.dll
0x00007ffaa8980000 - 0x00007ffaa8bda000 	C:\Windows\WinSxS\amd64_microsoft.windows.common-controls_6595b64144ccf1df_6.0.9600.16384_none_62475f7becb72503\COMCTL32.dll
0x0000000063e90000 - 0x0000000063f62000 	C:\Program Files\Java\jdk1.8.0_73\jre\bin\msvcr100.dll
0x0000000064ca0000 - 0x0000000065530000 	C:\Program Files\Java\jdk1.8.0_73\jre\bin\server\jvm.dll
0x00007ffaa7df0000 - 0x00007ffaa7df9000 	C:\Windows\SYSTEM32\WSOCK32.dll
0x00007ffaa74e0000 - 0x00007ffaa74ff000 	C:\Windows\SYSTEM32\WINMM.dll
0x00007ffaa8380000 - 0x00007ffaa838a000 	C:\Windows\SYSTEM32\VERSION.dll
0x00007ffaaaa60000 - 0x00007ffaaaa67000 	C:\Windows\system32\PSAPI.DLL
0x00007ffaaab20000 - 0x00007ffaaab78000 	C:\Windows\system32\WS2_32.dll
0x00007ffaa7430000 - 0x00007ffaa745a000 	C:\Windows\SYSTEM32\WINMMBASE.dll
0x00007ffaab470000 - 0x00007ffaab479000 	C:\Windows\system32\NSI.dll
0x00007ffaaa670000 - 0x00007ffaaa6ba000 	C:\Windows\SYSTEM32\cfgmgr32.dll
0x00007ffaa9380000 - 0x00007ffaa93a6000 	C:\Windows\SYSTEM32\DEVOBJ.dll
0x0000000064bb0000 - 0x0000000064bbf000 	C:\Program Files\Java\jdk1.8.0_73\jre\bin\verify.dll
0x0000000064b80000 - 0x0000000064ba9000 	C:\Program Files\Java\jdk1.8.0_73\jre\bin\java.dll
0x0000000064b60000 - 0x0000000064b76000 	C:\Program Files\Java\jdk1.8.0_73\jre\bin\zip.dll

VM Arguments:
jvm_args: -Djava.awt.headless=true -Xmx1024M -Dfile.encoding=windows-1251 -Duser.country=RU -Duser.language=ru -Duser.variant 
java_command: com.android.dx.command.Main --dex --num-threads=4 --output E:\vkDocs-original\app\build\intermediates\pre-dexed\debug\com.google.android.gms-play-services-wearable-8.4.0_5b1b05730bcb9d5e1d20883ffe9e3827636d0531.jar E:\vkDocs-original\app\build\intermediates\exploded-aar\com.google.android.gms\play-services-wearable\8.4.0\jars\classes.jar
java_class_path (initial): C:\Users\pride\AppData\Local\Android\sdk\build-tools\23.0.2\lib\dx.jar
Launcher Type: SUN_STANDARD

Environment Variables:
PATH=C:\ProgramData\Oracle\Java\javapath;C:\Windows\system32;C:\Windows;C:\Windows\System32\Wbem;C:\Windows\System32\WindowsPowerShell\v1.0\
USERNAME=pride
OS=Windows_NT
PROCESSOR_IDENTIFIER=AMD64 Family 22 Model 48 Stepping 1, AuthenticAMD



---------------  S Y S T E M  ---------------

OS: Windows 8.1 , 64 bit Build 9600 (6.3.9600.16408)

CPU:total 4 (4 cores per cpu, 1 threads per core) family 22 model 48 stepping 1, cmov, cx8, fxsr, mmx, sse, sse2, sse3, ssse3, sse4.1, sse4.2, popcnt, avx, aes, clmul, mmxext, 3dnowpref, lzcnt, sse4a, tsc, tscinvbit, tscinv, bmi1

Memory: 4k page, physical 3629328k(711736k free), swap 3629328k(5124k free)

vm_info: Java HotSpot(TM) 64-Bit Server VM (25.73-b02) for windows-amd64 JRE (1.8.0_73-b02), built on Jan 29 2016 17:38:49 by "java_re" with MS VC++ 10.0 (VS2010)

time: Tue Feb 09 10:22:39 2016
elapsed time: 3 seconds (0d 0h 0m 3s)

