#
# There is insufficient memory for the Java Runtime Environment to continue.
# Native memory allocation (malloc) failed to allocate 32784 bytes for Chunk::new
# Possible reasons:
#   The system is out of physical RAM or swap space
#   In 32 bit mode, the process size limit was hit
# Possible solutions:
#   Reduce memory load on the system
#   Increase physical memory or swap space
#   Check if swap backing store is full
#   Use 64 bit Java on a 64 bit OS
#   Decrease Java heap size (-Xmx/-Xms)
#   Decrease number of Java threads
#   Decrease Java thread stack sizes (-Xss)
#   Set larger code cache with -XX:ReservedCodeCacheSize=
# This output file may be truncated or incomplete.
#
#  Out of Memory Error (allocation.cpp:390), pid=1284, tid=484
#
# JRE version: Java(TM) SE Runtime Environment (8.0_73-b02) (build 1.8.0_73-b02)
# Java VM: Java HotSpot(TM) 64-Bit Server VM (25.73-b02 mixed mode windows-amd64 compressed oops)
# Failed to write core dump. Minidumps are not enabled by default on client versions of Windows
#

---------------  T H R E A D  ---------------

Current thread (0x00000000149d8800):  JavaThread "C2 CompilerThread0" daemon [_thread_in_native, id=484, stack(0x0000000016140000,0x0000000016240000)]

Stack: [0x0000000016140000,0x0000000016240000]
[error occurred during error reporting (printing stack bounds), id 0xc0000005]

Native frames: (J=compiled Java code, j=interpreted, Vv=VM code, C=native code)


Current CompileTask:
C2:  12854 1719   !   4       com.android.dx.cf.cst.ConstantPoolParser::parse0 (731 bytes)


---------------  P R O C E S S  ---------------

Java Threads: ( => current thread )
  0x00000000165ad000 JavaThread "pool-1-thread-4" [_thread_blocked, id=3228, stack(0x0000000016e40000,0x0000000016f40000)]
  0x00000000165a9000 JavaThread "pool-1-thread-3" [_thread_blocked, id=476, stack(0x0000000016d40000,0x0000000016e40000)]
  0x000000001659e800 JavaThread "pool-1-thread-2" [_thread_in_vm, id=3968, stack(0x0000000016c40000,0x0000000016d40000)]
  0x0000000016605800 JavaThread "pool-2-thread-1" [_thread_blocked, id=3772, stack(0x0000000016b40000,0x0000000016c40000)]
  0x0000000016604800 JavaThread "pool-1-thread-1" [_thread_blocked, id=1116, stack(0x0000000016a40000,0x0000000016b40000)]
  0x000000001634d000 JavaThread "Service Thread" daemon [_thread_blocked, id=2852, stack(0x0000000016840000,0x0000000016940000)]
  0x0000000016348800 JavaThread "C1 CompilerThread2" daemon [_thread_in_vm, id=808, stack(0x0000000016740000,0x0000000016840000)]
  0x0000000014a35800 JavaThread "C2 CompilerThread1" daemon [_thread_in_native, id=1784, stack(0x0000000016240000,0x0000000016340000)]
=>0x00000000149d8800 JavaThread "C2 CompilerThread0" daemon [_thread_in_native, id=484, stack(0x0000000016140000,0x0000000016240000)]
  0x00000000149e6000 JavaThread "Attach Listener" daemon [_thread_blocked, id=2088, stack(0x0000000016040000,0x0000000016140000)]
  0x00000000149e4800 JavaThread "Signal Dispatcher" daemon [_thread_blocked, id=3824, stack(0x0000000015f40000,0x0000000016040000)]
  0x0000000002306000 JavaThread "Finalizer" daemon [_thread_blocked, id=2648, stack(0x0000000015c40000,0x0000000015d40000)]
  0x00000000022fd000 JavaThread "Reference Handler" daemon [_thread_blocked, id=2364, stack(0x0000000015b40000,0x0000000015c40000)]
  0x0000000002210800 JavaThread "main" [_thread_in_Java, id=1988, stack(0x0000000002050000,0x0000000002150000)]

Other Threads:
  0x00000000149a7800 VMThread [stack: 0x0000000015a40000,0x0000000015b40000] [id=3836]
  0x0000000016362800 WatcherThread [stack: 0x0000000016940000,0x0000000016a40000] [id=4076]

VM state:synchronizing (normal execution)

VM Mutex/Monitor currently owned by a thread:  ([mutex/lock_event])
[0x000000000220b4b0] CodeCache_lock - owner thread: 0x0000000016348800
[0x000000000220c480] Safepoint_lock - owner thread: 0x00000000149a7800
[0x000000000220ba80] Threads_lock - owner thread: 0x00000000149a7800
[0x000000000220c580] Heap_lock - owner thread: 0x000000001659e800
[0x000000000220e590] Compile_lock - owner thread: 0x0000000016348800
[0x000000000220ca10] MethodCompileQueue_lock - owner thread: 0x0000000016348800

Heap:
 PSYoungGen      total 31744K, used 31744K [0x00000000eab00000, 0x00000000ee900000, 0x0000000100000000)
  eden space 29696K, 100% used [0x00000000eab00000,0x00000000ec800000,0x00000000ec800000)
  from space 2048K, 100% used [0x00000000ec800000,0x00000000eca00000,0x00000000eca00000)
  to   space 2048K, 0% used [0x00000000ee700000,0x00000000ee700000,0x00000000ee900000)
 ParOldGen       total 38400K, used 8155K [0x00000000c0000000, 0x00000000c2580000, 0x00000000eab00000)
  object space 38400K, 21% used [0x00000000c0000000,0x00000000c07f6fb8,0x00000000c2580000)
 Metaspace       used 6254K, capacity 7088K, committed 7296K, reserved 1056768K
  class space    used 599K, capacity 616K, committed 640K, reserved 1048576K

Card table byte_map: [0x00000000116d0000,0x00000000118e0000] byte_map_base: 0x00000000110d0000

Marking Bits: (ParMarkBitMap*) 0x00000000654b0600
 Begin Bits: [0x0000000011e40000, 0x0000000012e40000)
 End Bits:   [0x0000000012e40000, 0x0000000013e40000)

Polling page: 0x0000000000850000

CodeCache: size=245760Kb used=7410Kb max_used=7410Kb free=238349Kb
 bounds [0x0000000002310000, 0x0000000002a60000, 0x0000000011310000]
 total_blobs=1971 nmethods=1701 adapters=182
 compilation: enabled

Compilation events (10 events):
Event: 12.569 Thread 0x00000000149d8800 1711       4       com.android.dx.ssa.back.FirstFitLocalCombiningAllocator::getParameterIndexForReg (55 bytes)
Event: 12.576 Thread 0x00000000149d8800 nmethod 1711 0x0000000002a34090 code [0x0000000002a34200, 0x0000000002a344e8]
Event: 12.576 Thread 0x00000000149d8800 1715 %     4       com.android.dx.rop.code.InsnList::forEach @ 7 (28 bytes)
Event: 12.581 Thread 0x00000000149d8800 nmethod 1715% 0x0000000002a33b10 code [0x0000000002a33c60, 0x0000000002a33e78]
Event: 12.611 Thread 0x0000000014a35800 nmethod 1709 0x0000000002a46390 code [0x0000000002a465e0, 0x0000000002a47f78]
Event: 12.759 Thread 0x00000000149d8800 1717 %     4       java.util.TreeMap::getEntry @ 35 (84 bytes)
Event: 12.760 Thread 0x0000000014a35800 1718       4       com.android.dx.rop.cst.StdConstantPool::set (123 bytes)
Event: 12.762 Thread 0x00000000149d8800 nmethod 1717% 0x0000000002a2bc10 code [0x0000000002a2bd60, 0x0000000002a2bed8]
Event: 12.765 Thread 0x00000000149d8800 1719   !   4       com.android.dx.cf.cst.ConstantPoolParser::parse0 (731 bytes)
Event: 12.765 Thread 0x0000000014a35800 nmethod 1718 0x0000000002a3cc90 code [0x0000000002a3ce00, 0x0000000002a3d0d8]

GC Heap History (6 events):
Event: 4.196 GC heap before
{Heap before GC invocations=1 (full 0):
 PSYoungGen      total 16896K, used 14848K [0x00000000eab00000, 0x00000000ebd80000, 0x0000000100000000)
  eden space 14848K, 100% used [0x00000000eab00000,0x00000000eb980000,0x00000000eb980000)
  from space 2048K, 0% used [0x00000000ebb80000,0x00000000ebb80000,0x00000000ebd80000)
  to   space 2048K, 0% used [0x00000000eb980000,0x00000000eb980000,0x00000000ebb80000)
 ParOldGen       total 38400K, used 0K [0x00000000c0000000, 0x00000000c2580000, 0x00000000eab00000)
  object space 38400K, 0% used [0x00000000c0000000,0x00000000c0000000,0x00000000c2580000)
 Metaspace       used 5459K, capacity 6448K, committed 6528K, reserved 1056768K
  class space    used 592K, capacity 616K, committed 640K, reserved 1048576K
Event: 4.845 GC heap after
Heap after GC invocations=1 (full 0):
 PSYoungGen      total 16896K, used 2040K [0x00000000eab00000, 0x00000000ecc00000, 0x0000000100000000)
  eden space 14848K, 0% used [0x00000000eab00000,0x00000000eab00000,0x00000000eb980000)
  from space 2048K, 99% used [0x00000000eb980000,0x00000000ebb7e120,0x00000000ebb80000)
  to   space 2048K, 0% used [0x00000000eca00000,0x00000000eca00000,0x00000000ecc00000)
 ParOldGen       total 38400K, used 1299K [0x00000000c0000000, 0x00000000c2580000, 0x00000000eab00000)
  object space 38400K, 3% used [0x00000000c0000000,0x00000000c0144ff0,0x00000000c2580000)
 Metaspace       used 5459K, capacity 6448K, committed 6528K, reserved 1056768K
  class space    used 592K, capacity 616K, committed 640K, reserved 1048576K
}
Event: 7.419 GC heap before
{Heap before GC invocations=2 (full 0):
 PSYoungGen      total 16896K, used 16888K [0x00000000eab00000, 0x00000000ecc00000, 0x0000000100000000)
  eden space 14848K, 100% used [0x00000000eab00000,0x00000000eb980000,0x00000000eb980000)
  from space 2048K, 99% used [0x00000000eb980000,0x00000000ebb7e120,0x00000000ebb80000)
  to   space 2048K, 0% used [0x00000000eca00000,0x00000000eca00000,0x00000000ecc00000)
 ParOldGen       total 38400K, used 1299K [0x00000000c0000000, 0x00000000c2580000, 0x00000000eab00000)
  object space 38400K, 3% used [0x00000000c0000000,0x00000000c0144ff0,0x00000000c2580000)
 Metaspace       used 5986K, capacity 6896K, committed 7040K, reserved 1056768K
  class space    used 596K, capacity 616K, committed 640K, reserved 1048576K
Event: 7.608 GC heap after
Heap after GC invocations=2 (full 0):
 PSYoungGen      total 31744K, used 2016K [0x00000000eab00000, 0x00000000ecc00000, 0x0000000100000000)
  eden space 29696K, 0% used [0x00000000eab00000,0x00000000eab00000,0x00000000ec800000)
  from space 2048K, 98% used [0x00000000eca00000,0x00000000ecbf8038,0x00000000ecc00000)
  to   space 2048K, 0% used [0x00000000ec800000,0x00000000ec800000,0x00000000eca00000)
 ParOldGen       total 38400K, used 3411K [0x00000000c0000000, 0x00000000c2580000, 0x00000000eab00000)
  object space 38400K, 8% used [0x00000000c0000000,0x00000000c0354cb0,0x00000000c2580000)
 Metaspace       used 5986K, capacity 6896K, committed 7040K, reserved 1056768K
  class space    used 596K, capacity 616K, committed 640K, reserved 1048576K
}
Event: 8.908 GC heap before
{Heap before GC invocations=3 (full 0):
 PSYoungGen      total 31744K, used 31712K [0x00000000eab00000, 0x00000000ecc00000, 0x0000000100000000)
  eden space 29696K, 100% used [0x00000000eab00000,0x00000000ec800000,0x00000000ec800000)
  from space 2048K, 98% used [0x00000000eca00000,0x00000000ecbf8038,0x00000000ecc00000)
  to   space 2048K, 0% used [0x00000000ec800000,0x00000000ec800000,0x00000000eca00000)
 ParOldGen       total 38400K, used 3411K [0x00000000c0000000, 0x00000000c2580000, 0x00000000eab00000)
  object space 38400K, 8% used [0x00000000c0000000,0x00000000c0354cb0,0x00000000c2580000)
 Metaspace       used 6159K, capacity 7024K, committed 7296K, reserved 1056768K
  class space    used 598K, capacity 616K, committed 640K, reserved 1048576K
Event: 9.277 GC heap after
Heap after GC invocations=3 (full 0):
 PSYoungGen      total 31744K, used 2048K [0x00000000eab00000, 0x00000000ee900000, 0x0000000100000000)
  eden space 29696K, 0% used [0x00000000eab00000,0x00000000eab00000,0x00000000ec800000)
  from space 2048K, 100% used [0x00000000ec800000,0x00000000eca00000,0x00000000eca00000)
  to   space 2048K, 0% used [0x00000000ee700000,0x00000000ee700000,0x00000000ee900000)
 ParOldGen       total 38400K, used 8155K [0x00000000c0000000, 0x00000000c2580000, 0x00000000eab00000)
  object space 38400K, 21% used [0x00000000c0000000,0x00000000c07f6fb8,0x00000000c2580000)
 Metaspace       used 6159K, capacity 7024K, committed 7296K, reserved 1056768K
  class space    used 598K, capacity 616K, committed 640K, reserved 1048576K
}

Deoptimization events (10 events):
Event: 6.509 Thread 0x0000000016604800 Uncommon trap: reason=unstable_if action=reinterpret pc=0x00000000025abba8 method=java.util.HashMap.getNode(ILjava/lang/Object;)Ljava/util/HashMap$Node; @ 129
Event: 7.317 Thread 0x000000001659e800 Uncommon trap: reason=unstable_if action=reinterpret pc=0x0000000002766dbc method=com.android.dx.util.IntList.binarysearch(I)I @ 105
Event: 7.340 Thread 0x00000000165ad000 Uncommon trap: reason=unstable_if action=reinterpret pc=0x000000000274f8d4 method=com.android.dx.rop.code.RegisterSpecSet.put(Lcom/android/dx/rop/code/RegisterSpec;)V @ 77
Event: 7.673 Thread 0x00000000165a9000 Uncommon trap: reason=class_check action=maybe_recompile pc=0x00000000027cffac method=com.android.dx.cf.code.BytecodeArray.parseInstruction(ILcom/android/dx/cf/code/BytecodeArray$Visitor;)I @ 1777
Event: 7.673 Thread 0x00000000165a9000 Uncommon trap: reason=class_check action=maybe_recompile pc=0x00000000027cfb10 method=com.android.dx.cf.code.BytecodeArray.parseInstruction(ILcom/android/dx/cf/code/BytecodeArray$Visitor;)I @ 1387
Event: 7.689 Thread 0x00000000165a9000 Uncommon trap: reason=bimorphic action=maybe_recompile pc=0x00000000027d1088 method=com.android.dx.cf.code.BytecodeArray.parseInstruction(ILcom/android/dx/cf/code/BytecodeArray$Visitor;)I @ 2135
Event: 7.689 Thread 0x00000000165a9000 Uncommon trap: reason=bimorphic action=maybe_recompile pc=0x00000000027d1088 method=com.android.dx.cf.code.BytecodeArray.parseInstruction(ILcom/android/dx/cf/code/BytecodeArray$Visitor;)I @ 2135
Event: 7.690 Thread 0x00000000165a9000 Uncommon trap: reason=bimorphic action=maybe_recompile pc=0x00000000027d1088 method=com.android.dx.cf.code.BytecodeArray.parseInstruction(ILcom/android/dx/cf/code/BytecodeArray$Visitor;)I @ 2135
Event: 7.690 Thread 0x00000000165a9000 Uncommon trap: reason=bimorphic action=maybe_recompile pc=0x00000000027d1088 method=com.android.dx.cf.code.BytecodeArray.parseInstruction(ILcom/android/dx/cf/code/BytecodeArray$Visitor;)I @ 2135
Event: 11.818 Thread 0x00000000165a9000 Uncommon trap: reason=unstable_if action=reinterpret pc=0x00000000028b5d34 method=com.android.dx.ssa.LiteralOpUpgrader$1.visitNonMoveInsn(Lcom/android/dx/ssa/NormalSsaInsn;)V @ 55

Internal exceptions (2 events):
Event: 0.256 Thread 0x0000000002210800 Exception <a 'java/lang/NoSuchMethodError': Method sun.misc.Unsafe.defineClass(Ljava/lang/String;[BII)Ljava/lang/Class; name or signature does not match> (0x00000000eab12ea0) thrown at [D:\re\puppet\workspace\8-2-build-windows-amd64-cygwin\jdk8u73\6086\hotUÑ¾«`Ð?
Event: 0.256 Thread 0x0000000002210800 Exception <a 'java/lang/NoSuchMethodError': Method sun.misc.Unsafe.prefetchRead(Ljava/lang/Object;J)V name or signature does not match> (0x00000000eab13188) thrown at [D:\re\puppet\workspace\8-2-build-windows-amd64-cygwin\jdk8u73\6086\hotspot\src\share\vm\

Events (10 events):
Event: 11.818 Thread 0x00000000165a9000 DEOPT PACKING pc=0x00000000028b5d34 sp=0x0000000016e3eae0
Event: 11.818 Thread 0x00000000165a9000 DEOPT UNPACKING pc=0x000000000235582a sp=0x0000000016e3eac0 mode 2
Event: 11.818 loading class com/android/dx/rop/code/RegOps
Event: 11.818 loading class com/android/dx/rop/code/RegOps done
Event: 12.298 Thread 0x000000001659e800 DEOPT PACKING pc=0x00000000027df8ac sp=0x0000000016d3e6b0
Event: 12.298 Thread 0x000000001659e800 DEOPT UNPACKING pc=0x000000000235747f sp=0x0000000016d3e3c0 mode 0
Event: 12.333 Thread 0x000000001659e800 DEOPT PACKING pc=0x00000000026f6401 sp=0x0000000016d3e960
Event: 12.333 Thread 0x000000001659e800 DEOPT UNPACKING pc=0x000000000235747f sp=0x0000000016d3e6a8 mode 0
Event: 12.351 Thread 0x0000000002210800 DEOPT PACKING pc=0x00000000026fa743 sp=0x000000000214e6b0
Event: 12.351 Thread 0x0000000002210800 DEOPT UNPACKING pc=0x000000000235747f sp=0x000000000214e430 mode 0


Dynamic libraries:
0x00007ff672840000 - 0x00007ff672877000 	C:\Program Files\Java\jdk1.8.0_73\bin\java.exe
0x00007ffaad170000 - 0x00007ffaad319000 	C:\Windows\SYSTEM32\ntdll.dll
0x00007ffaab830000 - 0x00007ffaab969000 	C:\Windows\system32\KERNEL32.DLL
0x00007ffaaa8a0000 - 0x00007ffaaa9ae000 	C:\Windows\system32\KERNELBASE.dll
0x00007ffaa9130000 - 0x00007ffaa91bb000 	C:\Windows\system32\apphelp.dll
0x00007ffaa6d00000 - 0x00007ffaa6d4f000 	C:\Windows\AppPatch\AppPatch64\AcGenral.DLL
0x00007ffaaaa70000 - 0x00007ffaaab17000 	C:\Windows\system32\msvcrt.dll
0x00007ffaaa330000 - 0x00007ffaaa35b000 	C:\Windows\SYSTEM32\SspiCli.dll
0x00007ffaaaa00000 - 0x00007ffaaaa51000 	C:\Windows\system32\SHLWAPI.dll
0x00007ffaaaf70000 - 0x00007ffaab0e1000 	C:\Windows\system32\USER32.dll
0x00007ffaab0f0000 - 0x00007ffaab266000 	C:\Windows\system32\ole32.dll
0x00007ffaabbc0000 - 0x00007ffaacfcf000 	C:\Windows\system32\SHELL32.dll
0x00007ffaa9b60000 - 0x00007ffaa9b7f000 	C:\Windows\SYSTEM32\USERENV.dll
0x00007ffaab3c0000 - 0x00007ffaab465000 	C:\Windows\system32\ADVAPI32.dll
0x00007ffaa6660000 - 0x00007ffaa667b000 	C:\Windows\SYSTEM32\MPR.dll
0x00007ffaaadc0000 - 0x00007ffaaaef6000 	C:\Windows\system32\RPCRT4.dll
0x00007ffaaab80000 - 0x00007ffaaabd7000 	C:\Windows\SYSTEM32\sechost.dll
0x00007ffaab650000 - 0x00007ffaab827000 	C:\Windows\SYSTEM32\combase.dll
0x00007ffaab270000 - 0x00007ffaab3b5000 	C:\Windows\system32\GDI32.dll
0x00007ffaaa4f0000 - 0x00007ffaaa504000 	C:\Windows\SYSTEM32\profapi.dll
0x00007ffaa8d90000 - 0x00007ffaa8e31000 	C:\Windows\SYSTEM32\SHCORE.dll
0x00007ffaaaf00000 - 0x00007ffaaaf34000 	C:\Windows\system32\IMM32.DLL
0x00007ffaab970000 - 0x00007ffaabaa8000 	C:\Windows\system32\MSCTF.dll
0x00007ffaa8980000 - 0x00007ffaa8bda000 	C:\Windows\WinSxS\amd64_microsoft.windows.common-controls_6595b64144ccf1df_6.0.9600.16384_none_62475f7becb72503\COMCTL32.dll
0x0000000063e90000 - 0x0000000063f62000 	C:\Program Files\Java\jdk1.8.0_73\jre\bin\msvcr100.dll
0x0000000064ca0000 - 0x0000000065530000 	C:\Program Files\Java\jdk1.8.0_73\jre\bin\server\jvm.dll
0x00007ffaa7df0000 - 0x00007ffaa7df9000 	C:\Windows\SYSTEM32\WSOCK32.dll
0x00007ffaa74e0000 - 0x00007ffaa74ff000 	C:\Windows\SYSTEM32\WINMM.dll
0x00007ffaa8380000 - 0x00007ffaa838a000 	C:\Windows\SYSTEM32\VERSION.dll
0x00007ffaaaa60000 - 0x00007ffaaaa67000 	C:\Windows\system32\PSAPI.DLL
0x00007ffaaab20000 - 0x00007ffaaab78000 	C:\Windows\system32\WS2_32.dll
0x00007ffaa7430000 - 0x00007ffaa745a000 	C:\Windows\SYSTEM32\WINMMBASE.dll
0x00007ffaab470000 - 0x00007ffaab479000 	C:\Windows\system32\NSI.dll
0x00007ffaaa670000 - 0x00007ffaaa6ba000 	C:\Windows\SYSTEM32\cfgmgr32.dll
0x00007ffaa9380000 - 0x00007ffaa93a6000 	C:\Windows\SYSTEM32\DEVOBJ.dll
0x0000000064bb0000 - 0x0000000064bbf000 	C:\Program Files\Java\jdk1.8.0_73\jre\bin\verify.dll
0x0000000064b80000 - 0x0000000064ba9000 	C:\Program Files\Java\jdk1.8.0_73\jre\bin\java.dll
0x0000000064b60000 - 0x0000000064b76000 	C:\Program Files\Java\jdk1.8.0_73\jre\bin\zip.dll

VM Arguments:
jvm_args: -Djava.awt.headless=true -Xmx1024M -Dfile.encoding=windows-1251 -Duser.country=RU -Duser.language=ru -Duser.variant 
java_command: com.android.dx.command.Main --dex --num-threads=4 --output E:\vkDocs-original\app\build\intermediates\pre-dexed\debug\com.google.android.gms-play-services-wearable-8.4.0_5b1b05730bcb9d5e1d20883ffe9e3827636d0531.jar E:\vkDocs-original\app\build\intermediates\exploded-aar\com.google.android.gms\play-services-wearable\8.4.0\jars\classes.jar
java_class_path (initial): C:\Users\pride\AppData\Local\Android\sdk\build-tools\23.0.2\lib\dx.jar
Launcher Type: SUN_STANDARD

Environment Variables:
PATH=C:\ProgramData\Oracle\Java\javapath;C:\Windows\system32;C:\Windows;C:\Windows\System32\Wbem;C:\Windows\System32\WindowsPowerShell\v1.0\
USERNAME=pride
OS=Windows_NT
PROCESSOR_IDENTIFIER=AMD64 Family 22 Model 48 Stepping 1, AuthenticAMD



---------------  S Y S T E M  ---------------

OS: Windows 8.1 , 64 bit Build 9600 (6.3.9600.16408)

CPU:total 4 (4 cores per cpu, 1 threads per core) family 22 model 48 stepping 1, cmov, cx8, fxsr, mmx, sse, sse2, sse3, ssse3, sse4.1, sse4.2, popcnt, avx, aes, clmul, mmxext, 3dnowpref, lzcnt, sse4a, tsc, tscinvbit, tscinv, bmi1

Memory: 4k page, physical 3629328k(829044k free), swap 3629328k(5064k free)

vm_info: Java HotSpot(TM) 64-Bit Server VM (25.73-b02) for windows-amd64 JRE (1.8.0_73-b02), built on Jan 29 2016 17:38:49 by "java_re" with MS VC++ 10.0 (VS2010)

time: Tue Feb 09 10:16:19 2016
elapsed time: 12 seconds (0d 0h 0m 12s)

