#
# There is insufficient memory for the Java Runtime Environment to continue.
# Native memory allocation (malloc) failed to allocate 32784 bytes for Chunk::new
# Possible reasons:
#   The system is out of physical RAM or swap space
#   In 32 bit mode, the process size limit was hit
# Possible solutions:
#   Reduce memory load on the system
#   Increase physical memory or swap space
#   Check if swap backing store is full
#   Use 64 bit Java on a 64 bit OS
#   Decrease Java heap size (-Xmx/-Xms)
#   Decrease number of Java threads
#   Decrease Java thread stack sizes (-Xss)
#   Set larger code cache with -XX:ReservedCodeCacheSize=
# This output file may be truncated or incomplete.
#
#  Out of Memory Error (allocation.cpp:390), pid=2316, tid=700
#
# JRE version: Java(TM) SE Runtime Environment (8.0_73-b02) (build 1.8.0_73-b02)
# Java VM: Java HotSpot(TM) 64-Bit Server VM (25.73-b02 mixed mode windows-amd64 compressed oops)
# Failed to write core dump. Minidumps are not enabled by default on client versions of Windows
#

---------------  T H R E A D  ---------------

Current thread (0x0000000014819000):  JavaThread "C2 CompilerThread0" daemon [_thread_in_native, id=700, stack(0x0000000015f80000,0x0000000016080000)]

Stack: [0x0000000015f80000,0x0000000016080000]
[error occurred during error reporting (printing stack bounds), id 0xc0000005]

Native frames: (J=compiled Java code, j=interpreted, Vv=VM code, C=native code)


Current CompileTask:
C2:   3395 1140       4       com.android.dx.ssa.back.LivenessAnalyzer::handleTailRecursion (94 bytes)


---------------  P R O C E S S  ---------------

Java Threads: ( => current thread )
  0x0000000016574800 JavaThread "pool-1-thread-4" [_thread_blocked, id=3444, stack(0x0000000017480000,0x0000000017580000)]
  0x00000000164fe800 JavaThread "pool-1-thread-3" [_thread_in_Java, id=1420, stack(0x0000000017380000,0x0000000017480000)]
  0x00000000164fd800 JavaThread "pool-1-thread-2" [_thread_blocked, id=3636, stack(0x0000000017280000,0x0000000017380000)]
  0x00000000164fa800 JavaThread "pool-2-thread-1" [_thread_in_Java, id=704, stack(0x0000000017180000,0x0000000017280000)]
  0x00000000164fa000 JavaThread "pool-1-thread-1" [_thread_blocked, id=2088, stack(0x0000000017080000,0x0000000017180000)]
  0x0000000016285000 JavaThread "Service Thread" daemon [_thread_blocked, id=1944, stack(0x0000000016680000,0x0000000016780000)]
  0x000000001486e800 JavaThread "C1 CompilerThread2" daemon [_thread_in_native_trans, id=1972, stack(0x0000000016180000,0x0000000016280000)]
  0x0000000014866000 JavaThread "C2 CompilerThread1" daemon [_thread_in_vm, id=3000, stack(0x0000000016080000,0x0000000016180000)]
=>0x0000000014819000 JavaThread "C2 CompilerThread0" daemon [_thread_in_native, id=700, stack(0x0000000015f80000,0x0000000016080000)]
  0x0000000014817000 JavaThread "Attach Listener" daemon [_thread_blocked, id=2764, stack(0x0000000015e80000,0x0000000015f80000)]
  0x0000000014816000 JavaThread "Signal Dispatcher" daemon [_thread_blocked, id=1360, stack(0x0000000015d80000,0x0000000015e80000)]
  0x0000000002137000 JavaThread "Finalizer" daemon [_thread_blocked, id=3212, stack(0x0000000015a80000,0x0000000015b80000)]
  0x00000000147d9000 JavaThread "Reference Handler" daemon [_thread_blocked, id=3536, stack(0x0000000015980000,0x0000000015a80000)]
  0x0000000002040800 JavaThread "main" [_thread_in_Java, id=2272, stack(0x0000000001f40000,0x0000000002040000)]

Other Threads:
  0x00000000147d7000 VMThread [stack: 0x0000000015880000,0x0000000015980000] [id=908]
  0x00000000162a1800 WatcherThread [stack: 0x0000000016780000,0x0000000016880000] [id=4012]

VM state:not at safepoint (normal execution)

VM Mutex/Monitor currently owned by a thread:  ([mutex/lock_event])
[0x00000000005ee290] MethodData_lock - owner thread: 0x0000000000000000

Heap:
 PSYoungGen      total 16896K, used 6599K [0x00000000eab00000, 0x00000000ebd80000, 0x0000000100000000)
  eden space 14848K, 30% used [0x00000000eab00000,0x00000000eaf73fb0,0x00000000eb980000)
  from space 2048K, 99% used [0x00000000ebb80000,0x00000000ebd7dc60,0x00000000ebd80000)
  to   space 2048K, 0% used [0x00000000eb980000,0x00000000eb980000,0x00000000ebb80000)
 ParOldGen       total 38400K, used 2476K [0x00000000c0000000, 0x00000000c2580000, 0x00000000eab00000)
  object space 38400K, 6% used [0x00000000c0000000,0x00000000c026b150,0x00000000c2580000)
 Metaspace       used 5991K, capacity 6896K, committed 7040K, reserved 1056768K
  class space    used 596K, capacity 616K, committed 640K, reserved 1048576K

Card table byte_map: [0x0000000011500000,0x0000000011710000] byte_map_base: 0x0000000010f00000

Marking Bits: (ParMarkBitMap*) 0x00000000654b0600
 Begin Bits: [0x0000000011c70000, 0x0000000012c70000)
 End Bits:   [0x0000000012c70000, 0x0000000013c70000)

Polling page: 0x00000000005d0000

CodeCache: size=245760Kb used=4620Kb max_used=4622Kb free=241139Kb
 bounds [0x0000000002140000, 0x00000000025d0000, 0x0000000011140000]
 total_blobs=1451 nmethods=1183 adapters=182
 compilation: enabled

Compilation events (10 events):
Event: 3.358 Thread 0x000000001486e800 nmethod 1150 0x000000000259efd0 code [0x000000000259f140, 0x000000000259f308]
Event: 3.358 Thread 0x000000001486e800 1154   !   3       com.android.dx.cf.code.OneLocalsArray::set (106 bytes)
Event: 3.360 Thread 0x000000001486e800 nmethod 1154 0x00000000025a1790 code [0x00000000025a19e0, 0x00000000025a2818]
Event: 3.360 Thread 0x000000001486e800 1156       3       com.android.dx.ssa.BasicRegisterMapper::oldToNew (22 bytes)
Event: 3.360 Thread 0x000000001486e800 nmethod 1156 0x000000000259ea90 code [0x000000000259ec00, 0x000000000259eee8]
Event: 3.360 Thread 0x000000001486e800 1148       3       com.android.dx.rop.code.LocalItem::compareTo (9 bytes)
Event: 3.361 Thread 0x000000001486e800 nmethod 1148 0x00000000025a2e90 code [0x00000000025a3040, 0x00000000025a3738]
Event: 3.361 Thread 0x000000001486e800 1147       3       com.android.dx.cf.code.Simulator$SimVisitor::visitNoArgs (2108 bytes)
Event: 3.363 Thread 0x0000000014866000 nmethod 1141 0x000000000259e490 code [0x000000000259e5e0, 0x000000000259e898]
Event: 3.363 Thread 0x0000000014866000 1155       4       com.android.dx.ssa.SsaRenamer$BlockRenamer::addMapping (143 bytes)

GC Heap History (4 events):
Event: 1.933 GC heap before
{Heap before GC invocations=1 (full 0):
 PSYoungGen      total 16896K, used 14848K [0x00000000eab00000, 0x00000000ebd80000, 0x0000000100000000)
  eden space 14848K, 100% used [0x00000000eab00000,0x00000000eb980000,0x00000000eb980000)
  from space 2048K, 0% used [0x00000000ebb80000,0x00000000ebb80000,0x00000000ebd80000)
  to   space 2048K, 0% used [0x00000000eb980000,0x00000000eb980000,0x00000000ebb80000)
 ParOldGen       total 38400K, used 0K [0x00000000c0000000, 0x00000000c2580000, 0x00000000eab00000)
  object space 38400K, 0% used [0x00000000c0000000,0x00000000c0000000,0x00000000c2580000)
 Metaspace       used 4744K, capacity 5808K, committed 6016K, reserved 1056768K
  class space    used 516K, capacity 552K, committed 640K, reserved 1048576K
Event: 1.942 GC heap after
Heap after GC invocations=1 (full 0):
 PSYoungGen      total 16896K, used 2029K [0x00000000eab00000, 0x00000000ebd80000, 0x0000000100000000)
  eden space 14848K, 0% used [0x00000000eab00000,0x00000000eab00000,0x00000000eb980000)
  from space 2048K, 99% used [0x00000000eb980000,0x00000000ebb7b678,0x00000000ebb80000)
  to   space 2048K, 0% used [0x00000000ebb80000,0x00000000ebb80000,0x00000000ebd80000)
 ParOldGen       total 38400K, used 261K [0x00000000c0000000, 0x00000000c2580000, 0x00000000eab00000)
  object space 38400K, 0% used [0x00000000c0000000,0x00000000c0041598,0x00000000c2580000)
 Metaspace       used 4744K, capacity 5808K, committed 6016K, reserved 1056768K
  class space    used 516K, capacity 552K, committed 640K, reserved 1048576K
}
Event: 3.290 GC heap before
{Heap before GC invocations=2 (full 0):
 PSYoungGen      total 16896K, used 16877K [0x00000000eab00000, 0x00000000ebd80000, 0x0000000100000000)
  eden space 14848K, 100% used [0x00000000eab00000,0x00000000eb980000,0x00000000eb980000)
  from space 2048K, 99% used [0x00000000eb980000,0x00000000ebb7b678,0x00000000ebb80000)
  to   space 2048K, 0% used [0x00000000ebb80000,0x00000000ebb80000,0x00000000ebd80000)
 ParOldGen       total 38400K, used 261K [0x00000000c0000000, 0x00000000c2580000, 0x00000000eab00000)
  object space 38400K, 0% used [0x00000000c0000000,0x00000000c0041598,0x00000000c2580000)
 Metaspace       used 5917K, capacity 6832K, committed 7040K, reserved 1056768K
  class space    used 596K, capacity 616K, committed 640K, reserved 1048576K
Event: 3.304 GC heap after
Heap after GC invocations=2 (full 0):
 PSYoungGen      total 16896K, used 2039K [0x00000000eab00000, 0x00000000ebd80000, 0x0000000100000000)
  eden space 14848K, 0% used [0x00000000eab00000,0x00000000eab00000,0x00000000eb980000)
  from space 2048K, 99% used [0x00000000ebb80000,0x00000000ebd7dc60,0x00000000ebd80000)
  to   space 2048K, 0% used [0x00000000eb980000,0x00000000eb980000,0x00000000ebb80000)
 ParOldGen       total 38400K, used 2476K [0x00000000c0000000, 0x00000000c2580000, 0x00000000eab00000)
  object space 38400K, 6% used [0x00000000c0000000,0x00000000c026b150,0x00000000c2580000)
 Metaspace       used 5917K, capacity 6832K, committed 7040K, reserved 1056768K
  class space    used 596K, capacity 616K, committed 640K, reserved 1048576K
}

Deoptimization events (8 events):
Event: 2.489 Thread 0x0000000002040800 Uncommon trap: reason=unstable_if action=reinterpret pc=0x0000000002338a14 method=java.lang.String.<init>([CII)V @ 18
Event: 2.503 Thread 0x0000000002040800 Uncommon trap: reason=unstable_if action=reinterpret pc=0x0000000002358fa4 method=java.util.HashMap.getNode(ILjava/lang/Object;)Ljava/util/HashMap$Node; @ 129
Event: 2.931 Thread 0x0000000002040800 Uncommon trap: reason=class_check action=maybe_recompile pc=0x00000000023f97e8 method=com.android.dx.rop.type.Type.equals(Ljava/lang/Object;)Z @ 8
Event: 3.001 Thread 0x00000000164fd800 Uncommon trap: reason=class_check action=maybe_recompile pc=0x00000000023f97e8 method=com.android.dx.rop.type.Type.equals(Ljava/lang/Object;)Z @ 8
Event: 3.001 Thread 0x00000000164fd800 Uncommon trap: reason=class_check action=maybe_recompile pc=0x00000000023f97e8 method=com.android.dx.rop.type.Type.equals(Ljava/lang/Object;)Z @ 8
Event: 3.014 Thread 0x00000000164fd800 Uncommon trap: reason=class_check action=maybe_recompile pc=0x00000000023f97e8 method=com.android.dx.rop.type.Type.equals(Ljava/lang/Object;)Z @ 8
Event: 3.014 Thread 0x00000000164fd800 Uncommon trap: reason=class_check action=maybe_recompile pc=0x00000000024b0580 method=com.android.dx.rop.type.Type.equals(Ljava/lang/Object;)Z @ 8
Event: 3.273 Thread 0x0000000002040800 Uncommon trap: reason=unstable_if action=reinterpret pc=0x00000000025597bc method=com.android.dx.util.IntList.binarysearch(I)I @ 105

Internal exceptions (2 events):
Event: 0.110 Thread 0x0000000002040800 Exception <a 'java/lang/NoSuchMethodError': Method sun.misc.Unsafe.defineClass(Ljava/lang/String;[BII)Ljava/lang/Class; name or signature does not match> (0x00000000eab130a8) thrown at [D:\re\puppet\workspace\8-2-build-windows-amd64-cygwin\jdk8u73\6086\hotÚé®t±D¼?
Event: 0.110 Thread 0x0000000002040800 Exception <a 'java/lang/NoSuchMethodError': Method sun.misc.Unsafe.prefetchRead(Ljava/lang/Object;J)V name or signature does not match> (0x00000000eab13390) thrown at [D:\re\puppet\workspace\8-2-build-windows-amd64-cygwin\jdk8u73\6086\hotspot\src\share\vm\

Events (10 events):
Event: 3.014 Thread 0x00000000164fd800 DEOPT UNPACKING pc=0x000000000218582a sp=0x000000001737e3b8 mode 2
Event: 3.014 loading class com/android/dx/cf/attrib/AttLocalVariableTypeTable
Event: 3.014 loading class com/android/dx/cf/attrib/AttLocalVariableTypeTable done
Event: 3.110 loading class com/android/dx/cf/attrib/AttExceptions
Event: 3.110 loading class com/android/dx/cf/attrib/AttExceptions done
Event: 3.273 Thread 0x0000000002040800 Uncommon trap: trap_request=0xffffff65 fr.pc=0x00000000025597bc
Event: 3.273 Thread 0x0000000002040800 DEOPT PACKING pc=0x00000000025597bc sp=0x000000000203e530
Event: 3.273 Thread 0x0000000002040800 DEOPT UNPACKING pc=0x000000000218582a sp=0x000000000203e4a8 mode 2
Event: 3.289 Executing VM operation: ParallelGCFailedAllocation
Event: 3.304 Executing VM operation: ParallelGCFailedAllocation done


Dynamic libraries:
0x00007ff672840000 - 0x00007ff672877000 	C:\Program Files\Java\jdk1.8.0_73\bin\java.exe
0x00007ffaad170000 - 0x00007ffaad319000 	C:\Windows\SYSTEM32\ntdll.dll
0x00007ffaab830000 - 0x00007ffaab969000 	C:\Windows\system32\KERNEL32.DLL
0x00007ffaaa8a0000 - 0x00007ffaaa9ae000 	C:\Windows\system32\KERNELBASE.dll
0x00007ffaa9130000 - 0x00007ffaa91bb000 	C:\Windows\system32\apphelp.dll
0x00007ffaa6d00000 - 0x00007ffaa6d4f000 	C:\Windows\AppPatch\AppPatch64\AcGenral.DLL
0x00007ffaaaa70000 - 0x00007ffaaab17000 	C:\Windows\system32\msvcrt.dll
0x00007ffaaa330000 - 0x00007ffaaa35b000 	C:\Windows\SYSTEM32\SspiCli.dll
0x00007ffaaaa00000 - 0x00007ffaaaa51000 	C:\Windows\system32\SHLWAPI.dll
0x00007ffaaaf70000 - 0x00007ffaab0e1000 	C:\Windows\system32\USER32.dll
0x00007ffaab0f0000 - 0x00007ffaab266000 	C:\Windows\system32\ole32.dll
0x00007ffaabbc0000 - 0x00007ffaacfcf000 	C:\Windows\system32\SHELL32.dll
0x00007ffaa9b60000 - 0x00007ffaa9b7f000 	C:\Windows\SYSTEM32\USERENV.dll
0x00007ffaab3c0000 - 0x00007ffaab465000 	C:\Windows\system32\ADVAPI32.dll
0x00007ffaa6660000 - 0x00007ffaa667b000 	C:\Windows\SYSTEM32\MPR.dll
0x00007ffaaadc0000 - 0x00007ffaaaef6000 	C:\Windows\system32\RPCRT4.dll
0x00007ffaaab80000 - 0x00007ffaaabd7000 	C:\Windows\SYSTEM32\sechost.dll
0x00007ffaab650000 - 0x00007ffaab827000 	C:\Windows\SYSTEM32\combase.dll
0x00007ffaab270000 - 0x00007ffaab3b5000 	C:\Windows\system32\GDI32.dll
0x00007ffaaa4f0000 - 0x00007ffaaa504000 	C:\Windows\SYSTEM32\profapi.dll
0x00007ffaa8d90000 - 0x00007ffaa8e31000 	C:\Windows\SYSTEM32\SHCORE.dll
0x00007ffaaaf00000 - 0x00007ffaaaf34000 	C:\Windows\system32\IMM32.DLL
0x00007ffaab970000 - 0x00007ffaabaa8000 	C:\Windows\system32\MSCTF.dll
0x00007ffaa8980000 - 0x00007ffaa8bda000 	C:\Windows\WinSxS\amd64_microsoft.windows.common-controls_6595b64144ccf1df_6.0.9600.16384_none_62475f7becb72503\COMCTL32.dll
0x0000000063e90000 - 0x0000000063f62000 	C:\Program Files\Java\jdk1.8.0_73\jre\bin\msvcr100.dll
0x0000000064ca0000 - 0x0000000065530000 	C:\Program Files\Java\jdk1.8.0_73\jre\bin\server\jvm.dll
0x00007ffaa7df0000 - 0x00007ffaa7df9000 	C:\Windows\SYSTEM32\WSOCK32.dll
0x00007ffaa74e0000 - 0x00007ffaa74ff000 	C:\Windows\SYSTEM32\WINMM.dll
0x00007ffaa8380000 - 0x00007ffaa838a000 	C:\Windows\SYSTEM32\VERSION.dll
0x00007ffaaaa60000 - 0x00007ffaaaa67000 	C:\Windows\system32\PSAPI.DLL
0x00007ffaaab20000 - 0x00007ffaaab78000 	C:\Windows\system32\WS2_32.dll
0x00007ffaa7430000 - 0x00007ffaa745a000 	C:\Windows\SYSTEM32\WINMMBASE.dll
0x00007ffaab470000 - 0x00007ffaab479000 	C:\Windows\system32\NSI.dll
0x00007ffaaa670000 - 0x00007ffaaa6ba000 	C:\Windows\SYSTEM32\cfgmgr32.dll
0x00007ffaa9380000 - 0x00007ffaa93a6000 	C:\Windows\SYSTEM32\DEVOBJ.dll
0x0000000064bb0000 - 0x0000000064bbf000 	C:\Program Files\Java\jdk1.8.0_73\jre\bin\verify.dll
0x0000000064b80000 - 0x0000000064ba9000 	C:\Program Files\Java\jdk1.8.0_73\jre\bin\java.dll
0x0000000064b60000 - 0x0000000064b76000 	C:\Program Files\Java\jdk1.8.0_73\jre\bin\zip.dll

VM Arguments:
jvm_args: -Djava.awt.headless=true -Xmx1024M -Dfile.encoding=windows-1251 -Duser.country=RU -Duser.language=ru -Duser.variant 
java_command: com.android.dx.command.Main --dex --num-threads=4 --output E:\vkDocs-original\app\build\intermediates\pre-dexed\debug\com.google.android.gms-play-services-drive-8.4.0_26ddbb75bae5604fd65fa029863c52db041ece1c.jar E:\vkDocs-original\app\build\intermediates\exploded-aar\com.google.android.gms\play-services-drive\8.4.0\jars\classes.jar
java_class_path (initial): C:\Users\pride\AppData\Local\Android\sdk\build-tools\23.0.2\lib\dx.jar
Launcher Type: SUN_STANDARD

Environment Variables:
PATH=C:\ProgramData\Oracle\Java\javapath;C:\Windows\system32;C:\Windows;C:\Windows\System32\Wbem;C:\Windows\System32\WindowsPowerShell\v1.0\
USERNAME=pride
OS=Windows_NT
PROCESSOR_IDENTIFIER=AMD64 Family 22 Model 48 Stepping 1, AuthenticAMD



---------------  S Y S T E M  ---------------

OS: Windows 8.1 , 64 bit Build 9600 (6.3.9600.16408)

CPU:total 4 (4 cores per cpu, 1 threads per core) family 22 model 48 stepping 1, cmov, cx8, fxsr, mmx, sse, sse2, sse3, ssse3, sse4.1, sse4.2, popcnt, avx, aes, clmul, mmxext, 3dnowpref, lzcnt, sse4a, tsc, tscinvbit, tscinv, bmi1

Memory: 4k page, physical 3629328k(706328k free), swap 3629328k(5032k free)

vm_info: Java HotSpot(TM) 64-Bit Server VM (25.73-b02) for windows-amd64 JRE (1.8.0_73-b02), built on Jan 29 2016 17:38:49 by "java_re" with MS VC++ 10.0 (VS2010)

time: Tue Feb 09 10:22:39 2016
elapsed time: 3 seconds (0d 0h 0m 3s)

