#
# There is insufficient memory for the Java Runtime Environment to continue.
# Native memory allocation (malloc) failed to allocate 1525376 bytes for Chunk::new
# Possible reasons:
#   The system is out of physical RAM or swap space
#   In 32 bit mode, the process size limit was hit
# Possible solutions:
#   Reduce memory load on the system
#   Increase physical memory or swap space
#   Check if swap backing store is full
#   Use 64 bit Java on a 64 bit OS
#   Decrease Java heap size (-Xmx/-Xms)
#   Decrease number of Java threads
#   Decrease Java thread stack sizes (-Xss)
#   Set larger code cache with -XX:ReservedCodeCacheSize=
# This output file may be truncated or incomplete.
#
#  Out of Memory Error (allocation.cpp:390), pid=3236, tid=3908
#
# JRE version: Java(TM) SE Runtime Environment (8.0_73-b02) (build 1.8.0_73-b02)
# Java VM: Java HotSpot(TM) 64-Bit Server VM (25.73-b02 mixed mode windows-amd64 compressed oops)
# Failed to write core dump. Minidumps are not enabled by default on client versions of Windows
#

---------------  T H R E A D  ---------------

Current thread (0x0000000014e85800):  JavaThread "C2 CompilerThread1" daemon [_thread_in_native, id=3908, stack(0x0000000016680000,0x0000000016780000)]

Stack: [0x0000000016680000,0x0000000016780000]
[error occurred during error reporting (printing stack bounds), id 0xc0000005]

Native frames: (J=compiled Java code, j=interpreted, Vv=VM code, C=native code)


Current CompileTask:
C2:  16656 1572   !   4       com.android.dx.cf.code.Ropper::processBlock (1101 bytes)


---------------  P R O C E S S  ---------------

Java Threads: ( => current thread )
  0x0000000016a8f800 JavaThread "pool-1-thread-4" [_thread_in_Java, id=1660, stack(0x0000000017280000,0x0000000017380000)]
  0x0000000016a8f000 JavaThread "pool-1-thread-3" [_thread_in_Java, id=2008, stack(0x0000000017180000,0x0000000017280000)]
  0x0000000016a89800 JavaThread "pool-1-thread-2" [_thread_in_vm, id=964, stack(0x0000000017080000,0x0000000017180000)]
  0x0000000016a86800 JavaThread "pool-2-thread-1" [_thread_blocked, id=3968, stack(0x0000000016f80000,0x0000000017080000)]
  0x0000000016a85800 JavaThread "pool-1-thread-1" [_thread_in_Java, id=2752, stack(0x0000000016e80000,0x0000000016f80000)]
  0x0000000016885000 JavaThread "Service Thread" daemon [_thread_blocked, id=2576, stack(0x0000000016c80000,0x0000000016d80000)]
  0x0000000014e8d800 JavaThread "C1 CompilerThread2" daemon [_thread_blocked, id=956, stack(0x0000000016780000,0x0000000016880000)]
=>0x0000000014e85800 JavaThread "C2 CompilerThread1" daemon [_thread_in_native, id=3908, stack(0x0000000016680000,0x0000000016780000)]
  0x0000000014e28000 JavaThread "C2 CompilerThread0" daemon [_thread_in_native, id=2432, stack(0x0000000016580000,0x0000000016680000)]
  0x0000000014e36000 JavaThread "Attach Listener" daemon [_thread_blocked, id=3240, stack(0x0000000016480000,0x0000000016580000)]
  0x0000000014e34800 JavaThread "Signal Dispatcher" daemon [_thread_blocked, id=1820, stack(0x0000000016380000,0x0000000016480000)]
  0x0000000002756000 JavaThread "Finalizer" daemon [_thread_blocked, id=1356, stack(0x0000000016080000,0x0000000016180000)]
  0x000000000274d000 JavaThread "Reference Handler" daemon [_thread_blocked, id=3592, stack(0x0000000015f80000,0x0000000016080000)]
  0x0000000002660800 JavaThread "main" [_thread_in_Java, id=3092, stack(0x0000000002530000,0x0000000002630000)]

Other Threads:
  0x0000000014df7800 VMThread [stack: 0x0000000015e80000,0x0000000015f80000] [id=3448]
  0x000000001689a000 WatcherThread [stack: 0x0000000016d80000,0x0000000016e80000] [id=1696]

VM state:not at safepoint (normal execution)

VM Mutex/Monitor currently owned by a thread: None

Heap:
 PSYoungGen      total 31744K, used 12888K [0x00000000eab00000, 0x00000000ecc00000, 0x0000000100000000)
  eden space 29696K, 36% used [0x00000000eab00000,0x00000000eb59e068,0x00000000ec800000)
  from space 2048K, 98% used [0x00000000ec800000,0x00000000ec9f8010,0x00000000eca00000)
  to   space 2048K, 0% used [0x00000000eca00000,0x00000000eca00000,0x00000000ecc00000)
 ParOldGen       total 38400K, used 7162K [0x00000000c0000000, 0x00000000c2580000, 0x00000000eab00000)
  object space 38400K, 18% used [0x00000000c0000000,0x00000000c06feb88,0x00000000c2580000)
 Metaspace       used 6225K, capacity 7088K, committed 7296K, reserved 1056768K
  class space    used 601K, capacity 616K, committed 640K, reserved 1048576K

Card table byte_map: [0x0000000011b20000,0x0000000011d30000] byte_map_base: 0x0000000011520000

Marking Bits: (ParMarkBitMap*) 0x00000000654b0600
 Begin Bits: [0x0000000012290000, 0x0000000013290000)
 End Bits:   [0x0000000013290000, 0x0000000014290000)

Polling page: 0x0000000000ce0000

CodeCache: size=245760Kb used=6802Kb max_used=6807Kb free=238957Kb
 bounds [0x0000000002760000, 0x0000000002e10000, 0x0000000011760000]
 total_blobs=1886 nmethods=1618 adapters=182
 compilation: enabled

Compilation events (10 events):
Event: 16.497 Thread 0x0000000014e8d800 1621       3       com.android.dx.ssa.NormalSsaInsn::isMoveException (20 bytes)
Event: 16.497 Thread 0x0000000014e8d800 nmethod 1621 0x0000000002e06e50 code [0x0000000002e06fc0, 0x0000000002e072b0]
Event: 16.500 Thread 0x0000000014e8d800 1622       3       com.android.dx.rop.annotation.Annotations::addAll (59 bytes)
Event: 16.502 Thread 0x0000000014e8d800 nmethod 1622 0x0000000002e05c50 code [0x0000000002e05e60, 0x0000000002e06998]
Event: 16.504 Thread 0x0000000014e8d800 1624       1       com.android.dx.ssa.PhiInsn::canThrow (2 bytes)
Event: 16.505 Thread 0x0000000014e8d800 nmethod 1624 0x0000000002e02350 code [0x0000000002e024a0, 0x0000000002e025b0]
Event: 16.512 Thread 0x0000000014e8d800 1627       3       java.util.Arrays::copyOf (19 bytes)
Event: 16.513 Thread 0x0000000014e8d800 nmethod 1627 0x0000000002e05690 code [0x0000000002e05800, 0x0000000002e05b28]
Event: 16.522 Thread 0x0000000014e8d800 1628       1       com.android.dx.rop.cst.CstType::getType (4 bytes)
Event: 16.522 Thread 0x0000000014e8d800 nmethod 1628 0x0000000002e053d0 code [0x0000000002e05520, 0x0000000002e05630]

GC Heap History (6 events):
Event: 10.030 GC heap before
{Heap before GC invocations=1 (full 0):
 PSYoungGen      total 16896K, used 14848K [0x00000000eab00000, 0x00000000ebd80000, 0x0000000100000000)
  eden space 14848K, 100% used [0x00000000eab00000,0x00000000eb980000,0x00000000eb980000)
  from space 2048K, 0% used [0x00000000ebb80000,0x00000000ebb80000,0x00000000ebd80000)
  to   space 2048K, 0% used [0x00000000eb980000,0x00000000eb980000,0x00000000ebb80000)
 ParOldGen       total 38400K, used 0K [0x00000000c0000000, 0x00000000c2580000, 0x00000000eab00000)
  object space 38400K, 0% used [0x00000000c0000000,0x00000000c0000000,0x00000000c2580000)
 Metaspace       used 4908K, capacity 5936K, committed 6272K, reserved 1056768K
  class space    used 540K, capacity 552K, committed 640K, reserved 1048576K
Event: 10.209 GC heap after
Heap after GC invocations=1 (full 0):
 PSYoungGen      total 16896K, used 2022K [0x00000000eab00000, 0x00000000ecc00000, 0x0000000100000000)
  eden space 14848K, 0% used [0x00000000eab00000,0x00000000eab00000,0x00000000eb980000)
  from space 2048K, 98% used [0x00000000eb980000,0x00000000ebb79a48,0x00000000ebb80000)
  to   space 2048K, 0% used [0x00000000eca00000,0x00000000eca00000,0x00000000ecc00000)
 ParOldGen       total 38400K, used 495K [0x00000000c0000000, 0x00000000c2580000, 0x00000000eab00000)
  object space 38400K, 1% used [0x00000000c0000000,0x00000000c007bd80,0x00000000c2580000)
 Metaspace       used 4908K, capacity 5936K, committed 6272K, reserved 1056768K
  class space    used 540K, capacity 552K, committed 640K, reserved 1048576K
}
Event: 12.052 GC heap before
{Heap before GC invocations=2 (full 0):
 PSYoungGen      total 16896K, used 16870K [0x00000000eab00000, 0x00000000ecc00000, 0x0000000100000000)
  eden space 14848K, 100% used [0x00000000eab00000,0x00000000eb980000,0x00000000eb980000)
  from space 2048K, 98% used [0x00000000eb980000,0x00000000ebb79a48,0x00000000ebb80000)
  to   space 2048K, 0% used [0x00000000eca00000,0x00000000eca00000,0x00000000ecc00000)
 ParOldGen       total 38400K, used 495K [0x00000000c0000000, 0x00000000c2580000, 0x00000000eab00000)
  object space 38400K, 1% used [0x00000000c0000000,0x00000000c007bd80,0x00000000c2580000)
 Metaspace       used 5980K, capacity 6896K, committed 7040K, reserved 1056768K
  class space    used 600K, capacity 616K, committed 640K, reserved 1048576K
Event: 12.198 GC heap after
Heap after GC invocations=2 (full 0):
 PSYoungGen      total 31744K, used 2042K [0x00000000eab00000, 0x00000000ecc00000, 0x0000000100000000)
  eden space 29696K, 0% used [0x00000000eab00000,0x00000000eab00000,0x00000000ec800000)
  from space 2048K, 99% used [0x00000000eca00000,0x00000000ecbfea80,0x00000000ecc00000)
  to   space 2048K, 0% used [0x00000000ec800000,0x00000000ec800000,0x00000000eca00000)
 ParOldGen       total 38400K, used 2345K [0x00000000c0000000, 0x00000000c2580000, 0x00000000eab00000)
  object space 38400K, 6% used [0x00000000c0000000,0x00000000c024a4f0,0x00000000c2580000)
 Metaspace       used 5980K, capacity 6896K, committed 7040K, reserved 1056768K
  class space    used 600K, capacity 616K, committed 640K, reserved 1048576K
}
Event: 15.627 GC heap before
{Heap before GC invocations=3 (full 0):
 PSYoungGen      total 31744K, used 31738K [0x00000000eab00000, 0x00000000ecc00000, 0x0000000100000000)
  eden space 29696K, 100% used [0x00000000eab00000,0x00000000ec800000,0x00000000ec800000)
  from space 2048K, 99% used [0x00000000eca00000,0x00000000ecbfea80,0x00000000ecc00000)
  to   space 2048K, 0% used [0x00000000ec800000,0x00000000ec800000,0x00000000eca00000)
 ParOldGen       total 38400K, used 2345K [0x00000000c0000000, 0x00000000c2580000, 0x00000000eab00000)
  object space 38400K, 6% used [0x00000000c0000000,0x00000000c024a4f0,0x00000000c2580000)
 Metaspace       used 6203K, capacity 7088K, committed 7296K, reserved 1056768K
  class space    used 601K, capacity 616K, committed 640K, reserved 1048576K
Event: 15.671 GC heap after
Heap after GC invocations=3 (full 0):
 PSYoungGen      total 31744K, used 2016K [0x00000000eab00000, 0x00000000ecc00000, 0x0000000100000000)
  eden space 29696K, 0% used [0x00000000eab00000,0x00000000eab00000,0x00000000ec800000)
  from space 2048K, 98% used [0x00000000ec800000,0x00000000ec9f8010,0x00000000eca00000)
  to   space 2048K, 0% used [0x00000000eca00000,0x00000000eca00000,0x00000000ecc00000)
 ParOldGen       total 38400K, used 7162K [0x00000000c0000000, 0x00000000c2580000, 0x00000000eab00000)
  object space 38400K, 18% used [0x00000000c0000000,0x00000000c06feb88,0x00000000c2580000)
 Metaspace       used 6203K, capacity 7088K, committed 7296K, reserved 1056768K
  class space    used 601K, capacity 616K, committed 640K, reserved 1048576K
}

Deoptimization events (10 events):
Event: 11.335 Thread 0x0000000016a8f800 Uncommon trap: reason=class_check action=maybe_recompile pc=0x00000000029b6e30 method=com.android.dx.ssa.NormalSsaInsn.accept(Lcom/android/dx/ssa/SsaInsn$Visitor;)V @ 9
Event: 11.335 Thread 0x0000000016a8f800 Uncommon trap: reason=class_check action=maybe_recompile pc=0x00000000029b6e30 method=com.android.dx.ssa.NormalSsaInsn.accept(Lcom/android/dx/ssa/SsaInsn$Visitor;)V @ 9
Event: 11.338 Thread 0x0000000016a8f800 Uncommon trap: reason=class_check action=maybe_recompile pc=0x00000000029f7bc4 method=com.android.dx.ssa.NormalSsaInsn.accept(Lcom/android/dx/ssa/SsaInsn$Visitor;)V @ 9
Event: 12.214 Thread 0x0000000002660800 Uncommon trap: reason=unstable_if action=reinterpret pc=0x0000000002a8a2d0 method=java.lang.String.<init>([CII)V @ 18
Event: 14.004 Thread 0x0000000016a8f800 Uncommon trap: reason=bimorphic action=maybe_recompile pc=0x0000000002ccb9b4 method=com.android.dx.cf.code.BytecodeArray.parseInstruction(ILcom/android/dx/cf/code/BytecodeArray$Visitor;)I @ 2484
Event: 14.004 Thread 0x0000000016a8f800 Uncommon trap: reason=bimorphic action=maybe_recompile pc=0x0000000002ccb9b4 method=com.android.dx.cf.code.BytecodeArray.parseInstruction(ILcom/android/dx/cf/code/BytecodeArray$Visitor;)I @ 2484
Event: 14.113 Thread 0x0000000016a85800 Uncommon trap: reason=unstable_if action=reinterpret pc=0x0000000002cee578 method=com.android.dx.ssa.SCCP.simulateBranch(Lcom/android/dx/ssa/SsaInsn;)V @ 118
Event: 14.651 Thread 0x0000000016a8f000 Uncommon trap: reason=unstable_if action=reinterpret pc=0x0000000002ccc8b0 method=com.android.dx.cf.code.BytecodeArray.parseInstruction(ILcom/android/dx/cf/code/BytecodeArray$Visitor;)I @ 1198
Event: 15.840 Thread 0x0000000016a89800 Uncommon trap: reason=bimorphic action=maybe_recompile pc=0x0000000002d45734 method=com.android.dx.ssa.LiteralOpUpgrader.tryReplacingWithConstant(Lcom/android/dx/ssa/NormalSsaInsn;)Z @ 62
Event: 15.840 Thread 0x0000000016a89800 Uncommon trap: reason=unstable_if action=reinterpret pc=0x0000000002b617dc method=com.android.dx.ssa.SsaMethod.updateOneDefinition(Lcom/android/dx/ssa/SsaInsn;Lcom/android/dx/rop/code/RegisterSpec;)V @ 4

Internal exceptions (2 events):
Event: 1.072 Thread 0x0000000002660800 Exception <a 'java/lang/NoSuchMethodError': Method sun.misc.Unsafe.defineClass(Ljava/lang/String;[BII)Ljava/lang/Class; name or signature does not match> (0x00000000eab12f08) thrown at [D:\re\puppet\workspace\8-2-build-windows-amd64-cygwin\jdk8u73\6086\hotéyGì%ñ?
Event: 1.072 Thread 0x0000000002660800 Exception <a 'java/lang/NoSuchMethodError': Method sun.misc.Unsafe.prefetchRead(Ljava/lang/Object;J)V name or signature does not match> (0x00000000eab131f0) thrown at [D:\re\puppet\workspace\8-2-build-windows-amd64-cygwin\jdk8u73\6086\hotspot\src\share\vm\

Events (10 events):
Event: 14.776 loading class com/android/dx/rop/code/RegisterSpec$1
Event: 14.776 loading class com/android/dx/rop/code/RegisterSpec$1 done
Event: 15.366 Executing VM operation: ParallelGCFailedAllocation
Event: 15.671 Executing VM operation: ParallelGCFailedAllocation done
Event: 15.840 Thread 0x0000000016a89800 Uncommon trap: trap_request=0xffffffc6 fr.pc=0x0000000002d45734
Event: 15.840 Thread 0x0000000016a89800 DEOPT PACKING pc=0x0000000002d45734 sp=0x000000001717e6a0
Event: 15.840 Thread 0x0000000016a89800 DEOPT UNPACKING pc=0x00000000027a582a sp=0x000000001717e568 mode 2
Event: 15.840 Thread 0x0000000016a89800 Uncommon trap: trap_request=0xffffff65 fr.pc=0x0000000002b617dc
Event: 15.840 Thread 0x0000000016a89800 DEOPT PACKING pc=0x0000000002b617dc sp=0x000000001717e440
Event: 15.840 Thread 0x0000000016a89800 DEOPT UNPACKING pc=0x00000000027a582a sp=0x000000001717e3e8 mode 2


Dynamic libraries:
0x00007ff672840000 - 0x00007ff672877000 	C:\Program Files\Java\jdk1.8.0_73\bin\java.exe
0x00007ffaad170000 - 0x00007ffaad319000 	C:\Windows\SYSTEM32\ntdll.dll
0x00007ffaab830000 - 0x00007ffaab969000 	C:\Windows\system32\KERNEL32.DLL
0x00007ffaaa8a0000 - 0x00007ffaaa9ae000 	C:\Windows\system32\KERNELBASE.dll
0x00007ffaa9130000 - 0x00007ffaa91bb000 	C:\Windows\system32\apphelp.dll
0x00007ffaa6d00000 - 0x00007ffaa6d4f000 	C:\Windows\AppPatch\AppPatch64\AcGenral.DLL
0x00007ffaaaa70000 - 0x00007ffaaab17000 	C:\Windows\system32\msvcrt.dll
0x00007ffaaa330000 - 0x00007ffaaa35b000 	C:\Windows\SYSTEM32\SspiCli.dll
0x00007ffaaaa00000 - 0x00007ffaaaa51000 	C:\Windows\system32\SHLWAPI.dll
0x00007ffaaaf70000 - 0x00007ffaab0e1000 	C:\Windows\system32\USER32.dll
0x00007ffaab0f0000 - 0x00007ffaab266000 	C:\Windows\system32\ole32.dll
0x00007ffaabbc0000 - 0x00007ffaacfcf000 	C:\Windows\system32\SHELL32.dll
0x00007ffaa9b60000 - 0x00007ffaa9b7f000 	C:\Windows\SYSTEM32\USERENV.dll
0x00007ffaab3c0000 - 0x00007ffaab465000 	C:\Windows\system32\ADVAPI32.dll
0x00007ffaa6660000 - 0x00007ffaa667b000 	C:\Windows\SYSTEM32\MPR.dll
0x00007ffaaadc0000 - 0x00007ffaaaef6000 	C:\Windows\system32\RPCRT4.dll
0x00007ffaaab80000 - 0x00007ffaaabd7000 	C:\Windows\SYSTEM32\sechost.dll
0x00007ffaab650000 - 0x00007ffaab827000 	C:\Windows\SYSTEM32\combase.dll
0x00007ffaab270000 - 0x00007ffaab3b5000 	C:\Windows\system32\GDI32.dll
0x00007ffaaa4f0000 - 0x00007ffaaa504000 	C:\Windows\SYSTEM32\profapi.dll
0x00007ffaa8d90000 - 0x00007ffaa8e31000 	C:\Windows\SYSTEM32\SHCORE.dll
0x00007ffaaaf00000 - 0x00007ffaaaf34000 	C:\Windows\system32\IMM32.DLL
0x00007ffaab970000 - 0x00007ffaabaa8000 	C:\Windows\system32\MSCTF.dll
0x00007ffaa8980000 - 0x00007ffaa8bda000 	C:\Windows\WinSxS\amd64_microsoft.windows.common-controls_6595b64144ccf1df_6.0.9600.16384_none_62475f7becb72503\COMCTL32.dll
0x0000000063e90000 - 0x0000000063f62000 	C:\Program Files\Java\jdk1.8.0_73\jre\bin\msvcr100.dll
0x0000000064ca0000 - 0x0000000065530000 	C:\Program Files\Java\jdk1.8.0_73\jre\bin\server\jvm.dll
0x00007ffaa7df0000 - 0x00007ffaa7df9000 	C:\Windows\SYSTEM32\WSOCK32.dll
0x00007ffaa74e0000 - 0x00007ffaa74ff000 	C:\Windows\SYSTEM32\WINMM.dll
0x00007ffaa8380000 - 0x00007ffaa838a000 	C:\Windows\SYSTEM32\VERSION.dll
0x00007ffaaaa60000 - 0x00007ffaaaa67000 	C:\Windows\system32\PSAPI.DLL
0x00007ffaaab20000 - 0x00007ffaaab78000 	C:\Windows\system32\WS2_32.dll
0x00007ffaa7430000 - 0x00007ffaa745a000 	C:\Windows\SYSTEM32\WINMMBASE.dll
0x00007ffaab470000 - 0x00007ffaab479000 	C:\Windows\system32\NSI.dll
0x00007ffaaa670000 - 0x00007ffaaa6ba000 	C:\Windows\SYSTEM32\cfgmgr32.dll
0x00007ffaa9380000 - 0x00007ffaa93a6000 	C:\Windows\SYSTEM32\DEVOBJ.dll
0x0000000064bb0000 - 0x0000000064bbf000 	C:\Program Files\Java\jdk1.8.0_73\jre\bin\verify.dll
0x0000000064b80000 - 0x0000000064ba9000 	C:\Program Files\Java\jdk1.8.0_73\jre\bin\java.dll
0x0000000064b60000 - 0x0000000064b76000 	C:\Program Files\Java\jdk1.8.0_73\jre\bin\zip.dll

VM Arguments:
jvm_args: -Djava.awt.headless=true -Xmx1024M -Dfile.encoding=windows-1251 -Duser.country=RU -Duser.language=ru -Duser.variant 
java_command: com.android.dx.command.Main --dex --num-threads=4 --output E:\vkDocs-original\app\build\intermediates\pre-dexed\debug\com.google.android.gms-play-services-basement-8.4.0_1795d3a123c165514e84092f57d019a82ceacd0e.jar E:\vkDocs-original\app\build\intermediates\exploded-aar\com.google.android.gms\play-services-basement\8.4.0\jars\classes.jar
java_class_path (initial): C:\Users\pride\AppData\Local\Android\sdk\build-tools\23.0.2\lib\dx.jar
Launcher Type: SUN_STANDARD

Environment Variables:
PATH=C:\ProgramData\Oracle\Java\javapath;C:\Windows\system32;C:\Windows;C:\Windows\System32\Wbem;C:\Windows\System32\WindowsPowerShell\v1.0\
USERNAME=pride
OS=Windows_NT
PROCESSOR_IDENTIFIER=AMD64 Family 22 Model 48 Stepping 1, AuthenticAMD



---------------  S Y S T E M  ---------------

OS: Windows 8.1 , 64 bit Build 9600 (6.3.9600.16408)

CPU:total 4 (4 cores per cpu, 1 threads per core) family 22 model 48 stepping 1, cmov, cx8, fxsr, mmx, sse, sse2, sse3, ssse3, sse4.1, sse4.2, popcnt, avx, aes, clmul, mmxext, 3dnowpref, lzcnt, sse4a, tsc, tscinvbit, tscinv, bmi1

Memory: 4k page, physical 3629328k(705152k free), swap 3629328k(5108k free)

vm_info: Java HotSpot(TM) 64-Bit Server VM (25.73-b02) for windows-amd64 JRE (1.8.0_73-b02), built on Jan 29 2016 17:38:49 by "java_re" with MS VC++ 10.0 (VS2010)

time: Tue Feb 09 10:22:35 2016
elapsed time: 16 seconds (0d 0h 0m 16s)

