#
# There is insufficient memory for the Java Runtime Environment to continue.
# Native memory allocation (malloc) failed to allocate 1621456 bytes for Chunk::new
# Possible reasons:
#   The system is out of physical RAM or swap space
#   In 32 bit mode, the process size limit was hit
# Possible solutions:
#   Reduce memory load on the system
#   Increase physical memory or swap space
#   Check if swap backing store is full
#   Use 64 bit Java on a 64 bit OS
#   Decrease Java heap size (-Xmx/-Xms)
#   Decrease number of Java threads
#   Decrease Java thread stack sizes (-Xss)
#   Set larger code cache with -XX:ReservedCodeCacheSize=
# This output file may be truncated or incomplete.
#
#  Out of Memory Error (allocation.cpp:390), pid=2820, tid=3736
#
# JRE version: Java(TM) SE Runtime Environment (8.0_73-b02) (build 1.8.0_73-b02)
# Java VM: Java HotSpot(TM) 64-Bit Server VM (25.73-b02 mixed mode windows-amd64 compressed oops)
# Failed to write core dump. Minidumps are not enabled by default on client versions of Windows
#

---------------  T H R E A D  ---------------

Current thread (0x0000000014da5800):  JavaThread "C2 CompilerThread1" daemon [_thread_in_native, id=3736, stack(0x00000000165c0000,0x00000000166c0000)]

Stack: [0x00000000165c0000,0x00000000166c0000]
[error occurred during error reporting (printing stack bounds), id 0xc0000005]

Native frames: (J=compiled Java code, j=interpreted, Vv=VM code, C=native code)


Current CompileTask:
C2:  37219 2134   !   4       com.android.dx.cf.code.BytecodeArray::parseInstruction (2764 bytes)


---------------  P R O C E S S  ---------------

Java Threads: ( => current thread )
  0x0000000016b5f000 JavaThread "pool-1-thread-4" [_thread_in_Java, id=3248, stack(0x00000000171c0000,0x00000000172c0000)]
  0x0000000016b5e000 JavaThread "pool-1-thread-3" [_thread_in_Java, id=2676, stack(0x00000000170c0000,0x00000000171c0000)]
  0x0000000016b59000 JavaThread "pool-1-thread-2" [_thread_in_Java, id=2208, stack(0x0000000016fc0000,0x00000000170c0000)]
  0x0000000016b56800 JavaThread "pool-2-thread-1" [_thread_blocked, id=3584, stack(0x0000000016ec0000,0x0000000016fc0000)]
  0x0000000016a6e000 JavaThread "pool-1-thread-1" [_thread_in_Java, id=2668, stack(0x0000000016dc0000,0x0000000016ec0000)]
  0x00000000167c4800 JavaThread "Service Thread" daemon [_thread_blocked, id=1776, stack(0x0000000016bc0000,0x0000000016cc0000)]
  0x0000000014dad800 JavaThread "C1 CompilerThread2" daemon [_thread_blocked, id=3252, stack(0x00000000166c0000,0x00000000167c0000)]
=>0x0000000014da5800 JavaThread "C2 CompilerThread1" daemon [_thread_in_native, id=3736, stack(0x00000000165c0000,0x00000000166c0000)]
  0x0000000014d48800 JavaThread "C2 CompilerThread0" daemon [_thread_in_native, id=2468, stack(0x00000000164c0000,0x00000000165c0000)]
  0x0000000014d56000 JavaThread "Attach Listener" daemon [_thread_blocked, id=636, stack(0x00000000163c0000,0x00000000164c0000)]
  0x0000000014d54800 JavaThread "Signal Dispatcher" daemon [_thread_blocked, id=2928, stack(0x00000000162c0000,0x00000000163c0000)]
  0x0000000002676000 JavaThread "Finalizer" daemon [_thread_blocked, id=3652, stack(0x0000000015fc0000,0x00000000160c0000)]
  0x000000000266d000 JavaThread "Reference Handler" daemon [_thread_blocked, id=3484, stack(0x0000000015ec0000,0x0000000015fc0000)]
  0x0000000002580800 JavaThread "main" [_thread_in_Java, id=3452, stack(0x0000000002480000,0x0000000002580000)]

Other Threads:
  0x0000000014d17800 VMThread [stack: 0x0000000015dc0000,0x0000000015ec0000] [id=3228]
  0x00000000167d9800 WatcherThread [stack: 0x0000000016cc0000,0x0000000016dc0000] [id=3728]

VM state:not at safepoint (normal execution)

VM Mutex/Monitor currently owned by a thread: None

Heap:
 PSYoungGen      total 61440K, used 50641K [0x00000000eab00000, 0x00000000ee900000, 0x0000000100000000)
  eden space 59392K, 85% used [0x00000000eab00000,0x00000000edc746e0,0x00000000ee500000)
  from space 2048K, 0% used [0x00000000ee700000,0x00000000ee700000,0x00000000ee900000)
  to   space 2048K, 0% used [0x00000000ee500000,0x00000000ee500000,0x00000000ee700000)
 ParOldGen       total 64512K, used 31080K [0x00000000c0000000, 0x00000000c3f00000, 0x00000000eab00000)
  object space 64512K, 48% used [0x00000000c0000000,0x00000000c1e5a180,0x00000000c3f00000)
 Metaspace       used 6436K, capacity 7216K, committed 7296K, reserved 1056768K
  class space    used 602K, capacity 616K, committed 640K, reserved 1048576K

Card table byte_map: [0x0000000011a40000,0x0000000011c50000] byte_map_base: 0x0000000011440000

Marking Bits: (ParMarkBitMap*) 0x0000000065450600
 Begin Bits: [0x00000000121b0000, 0x00000000131b0000)
 End Bits:   [0x00000000131b0000, 0x00000000141b0000)

Polling page: 0x0000000000c30000

CodeCache: size=245760Kb used=10220Kb max_used=10220Kb free=235539Kb
 bounds [0x0000000002680000, 0x0000000003090000, 0x0000000011680000]
 total_blobs=2277 nmethods=2008 adapters=182
 compilation: enabled

Compilation events (10 events):
Event: 36.919 Thread 0x0000000014dad800 2147       3       com.android.dx.cf.code.LocalVariableList::itemToLocal (47 bytes)
Event: 36.920 Thread 0x0000000014dad800 nmethod 2147 0x000000000285aed0 code [0x000000000285b080, 0x000000000285b5f8]
Event: 36.927 Thread 0x0000000014d48800 nmethod 2126 0x0000000003083f10 code [0x0000000003084260, 0x0000000003085e28]
Event: 36.927 Thread 0x0000000014d48800 2142       4       com.android.dx.dex.code.RopTranslator::pickOrder (400 bytes)
Event: 36.964 Thread 0x0000000014dad800 2150       1       com.android.dx.rop.cst.CstLong::getType (4 bytes)
Event: 36.964 Thread 0x0000000014dad800 nmethod 2150 0x0000000002868210 code [0x0000000002868360, 0x0000000002868470]
Event: 36.998 Thread 0x0000000014dad800 2151       3       com.android.dx.dex.code.RopTranslator$TranslationVisitor::addOutputSuffix (9 bytes)
Event: 36.999 Thread 0x0000000014dad800 nmethod 2151 0x00000000028448d0 code [0x0000000002844a80, 0x0000000002845048]
Event: 37.061 Thread 0x0000000014d48800 nmethod 2142 0x000000000308a010 code [0x000000000308a240, 0x000000000308bbc0]
Event: 37.065 Thread 0x0000000014d48800 2149   !   4       com.android.dx.cf.code.RopperMachine::run (1550 bytes)

GC Heap History (10 events):
Event: 14.768 GC heap before
{Heap before GC invocations=3 (full 0):
 PSYoungGen      total 31744K, used 31728K [0x00000000eab00000, 0x00000000ecc00000, 0x0000000100000000)
  eden space 29696K, 100% used [0x00000000eab00000,0x00000000ec800000,0x00000000ec800000)
  from space 2048K, 99% used [0x00000000eca00000,0x00000000ecbfc028,0x00000000ecc00000)
  to   space 2048K, 0% used [0x00000000ec800000,0x00000000ec800000,0x00000000eca00000)
 ParOldGen       total 38400K, used 2341K [0x00000000c0000000, 0x00000000c2580000, 0x00000000eab00000)
  object space 38400K, 6% used [0x00000000c0000000,0x00000000c0249578,0x00000000c2580000)
 Metaspace       used 6208K, capacity 7088K, committed 7296K, reserved 1056768K
  class space    used 601K, capacity 616K, committed 640K, reserved 1048576K
Event: 15.304 GC heap after
Heap after GC invocations=3 (full 0):
 PSYoungGen      total 31744K, used 2016K [0x00000000eab00000, 0x00000000ee900000, 0x0000000100000000)
  eden space 29696K, 0% used [0x00000000eab00000,0x00000000eab00000,0x00000000ec800000)
  from space 2048K, 98% used [0x00000000ec800000,0x00000000ec9f8018,0x00000000eca00000)
  to   space 2048K, 0% used [0x00000000ee700000,0x00000000ee700000,0x00000000ee900000)
 ParOldGen       total 38400K, used 7083K [0x00000000c0000000, 0x00000000c2580000, 0x00000000eab00000)
  object space 38400K, 18% used [0x00000000c0000000,0x00000000c06eaf88,0x00000000c2580000)
 Metaspace       used 6208K, capacity 7088K, committed 7296K, reserved 1056768K
  class space    used 601K, capacity 616K, committed 640K, reserved 1048576K
}
Event: 17.987 GC heap before
{Heap before GC invocations=4 (full 0):
 PSYoungGen      total 31744K, used 31712K [0x00000000eab00000, 0x00000000ee900000, 0x0000000100000000)
  eden space 29696K, 100% used [0x00000000eab00000,0x00000000ec800000,0x00000000ec800000)
  from space 2048K, 98% used [0x00000000ec800000,0x00000000ec9f8018,0x00000000eca00000)
  to   space 2048K, 0% used [0x00000000ee700000,0x00000000ee700000,0x00000000ee900000)
 ParOldGen       total 38400K, used 7083K [0x00000000c0000000, 0x00000000c2580000, 0x00000000eab00000)
  object space 38400K, 18% used [0x00000000c0000000,0x00000000c06eaf88,0x00000000c2580000)
 Metaspace       used 6281K, capacity 7152K, committed 7296K, reserved 1056768K
  class space    used 601K, capacity 616K, committed 640K, reserved 1048576K
Event: 18.085 GC heap after
Heap after GC invocations=4 (full 0):
 PSYoungGen      total 61440K, used 2025K [0x00000000eab00000, 0x00000000ee900000, 0x0000000100000000)
  eden space 59392K, 0% used [0x00000000eab00000,0x00000000eab00000,0x00000000ee500000)
  from space 2048K, 98% used [0x00000000ee700000,0x00000000ee8fa630,0x00000000ee900000)
  to   space 2048K, 0% used [0x00000000ee500000,0x00000000ee500000,0x00000000ee700000)
 ParOldGen       total 38400K, used 12141K [0x00000000c0000000, 0x00000000c2580000, 0x00000000eab00000)
  object space 38400K, 31% used [0x00000000c0000000,0x00000000c0bdb790,0x00000000c2580000)
 Metaspace       used 6281K, capacity 7152K, committed 7296K, reserved 1056768K
  class space    used 601K, capacity 616K, committed 640K, reserved 1048576K
}
Event: 26.960 GC heap before
{Heap before GC invocations=5 (full 0):
 PSYoungGen      total 61440K, used 61417K [0x00000000eab00000, 0x00000000ee900000, 0x0000000100000000)
  eden space 59392K, 100% used [0x00000000eab00000,0x00000000ee500000,0x00000000ee500000)
  from space 2048K, 98% used [0x00000000ee700000,0x00000000ee8fa630,0x00000000ee900000)
  to   space 2048K, 0% used [0x00000000ee500000,0x00000000ee500000,0x00000000ee700000)
 ParOldGen       total 38400K, used 12141K [0x00000000c0000000, 0x00000000c2580000, 0x00000000eab00000)
  object space 38400K, 31% used [0x00000000c0000000,0x00000000c0bdb790,0x00000000c2580000)
 Metaspace       used 6364K, capacity 7152K, committed 7296K, reserved 1056768K
  class space    used 602K, capacity 616K, committed 640K, reserved 1048576K
Event: 30.528 GC heap after
Heap after GC invocations=5 (full 0):
 PSYoungGen      total 61440K, used 2026K [0x00000000eab00000, 0x00000000ee900000, 0x0000000100000000)
  eden space 59392K, 0% used [0x00000000eab00000,0x00000000eab00000,0x00000000ee500000)
  from space 2048K, 98% used [0x00000000ee500000,0x00000000ee6fab50,0x00000000ee700000)
  to   space 2048K, 0% used [0x00000000ee700000,0x00000000ee700000,0x00000000ee900000)
 ParOldGen       total 38400K, used 21950K [0x00000000c0000000, 0x00000000c2580000, 0x00000000eab00000)
  object space 38400K, 57% used [0x00000000c0000000,0x00000000c156f9e8,0x00000000c2580000)
 Metaspace       used 6364K, capacity 7152K, committed 7296K, reserved 1056768K
  class space    used 602K, capacity 616K, committed 640K, reserved 1048576K
}
Event: 33.022 GC heap before
{Heap before GC invocations=6 (full 0):
 PSYoungGen      total 61440K, used 61418K [0x00000000eab00000, 0x00000000ee900000, 0x0000000100000000)
  eden space 59392K, 100% used [0x00000000eab00000,0x00000000ee500000,0x00000000ee500000)
  from space 2048K, 98% used [0x00000000ee500000,0x00000000ee6fab50,0x00000000ee700000)
  to   space 2048K, 0% used [0x00000000ee700000,0x00000000ee700000,0x00000000ee900000)
 ParOldGen       total 38400K, used 21950K [0x00000000c0000000, 0x00000000c2580000, 0x00000000eab00000)
  object space 38400K, 57% used [0x00000000c0000000,0x00000000c156f9e8,0x00000000c2580000)
 Metaspace       used 6416K, capacity 7216K, committed 7296K, reserved 1056768K
  class space    used 602K, capacity 616K, committed 640K, reserved 1048576K
Event: 33.456 GC heap after
Heap after GC invocations=6 (full 0):
 PSYoungGen      total 61440K, used 2041K [0x00000000eab00000, 0x00000000ee900000, 0x0000000100000000)
  eden space 59392K, 0% used [0x00000000eab00000,0x00000000eab00000,0x00000000ee500000)
  from space 2048K, 99% used [0x00000000ee700000,0x00000000ee8fe620,0x00000000ee900000)
  to   space 2048K, 0% used [0x00000000ee500000,0x00000000ee500000,0x00000000ee700000)
 ParOldGen       total 38400K, used 31432K [0x00000000c0000000, 0x00000000c2580000, 0x00000000eab00000)
  object space 38400K, 81% used [0x00000000c0000000,0x00000000c1eb20a8,0x00000000c2580000)
 Metaspace       used 6416K, capacity 7216K, committed 7296K, reserved 1056768K
  class space    used 602K, capacity 616K, committed 640K, reserved 1048576K
}
Event: 33.456 GC heap before
{Heap before GC invocations=7 (full 1):
 PSYoungGen      total 61440K, used 2041K [0x00000000eab00000, 0x00000000ee900000, 0x0000000100000000)
  eden space 59392K, 0% used [0x00000000eab00000,0x00000000eab00000,0x00000000ee500000)
  from space 2048K, 99% used [0x00000000ee700000,0x00000000ee8fe620,0x00000000ee900000)
  to   space 2048K, 0% used [0x00000000ee500000,0x00000000ee500000,0x00000000ee700000)
 ParOldGen       total 38400K, used 31432K [0x00000000c0000000, 0x00000000c2580000, 0x00000000eab00000)
  object space 38400K, 81% used [0x00000000c0000000,0x00000000c1eb20a8,0x00000000c2580000)
 Metaspace       used 6416K, capacity 7216K, committed 7296K, reserved 1056768K
  class space    used 602K, capacity 616K, committed 640K, reserved 1048576K
Event: 36.349 GC heap after
Heap after GC invocations=7 (full 1):
 PSYoungGen      total 61440K, used 0K [0x00000000eab00000, 0x00000000ee900000, 0x0000000100000000)
  eden space 59392K, 0% used [0x00000000eab00000,0x00000000eab00000,0x00000000ee500000)
  from space 2048K, 0% used [0x00000000ee700000,0x00000000ee700000,0x00000000ee900000)
  to   space 2048K, 0% used [0x00000000ee500000,0x00000000ee500000,0x00000000ee700000)
 ParOldGen       total 64512K, used 31080K [0x00000000c0000000, 0x00000000c3f00000, 0x00000000eab00000)
  object space 64512K, 48% used [0x00000000c0000000,0x00000000c1e5a180,0x00000000c3f00000)
 Metaspace       used 6416K, capacity 7216K, committed 7296K, reserved 1056768K
  class space    used 602K, capacity 616K, committed 640K, reserved 1048576K
}

Deoptimization events (10 events):
Event: 32.895 Thread 0x0000000016b5e000 Uncommon trap: reason=class_check action=maybe_recompile pc=0x0000000002fc34a8 method=com.android.dx.cf.code.Ropper.processBlock(Lcom/android/dx/cf/code/ByteBlock;Lcom/android/dx/cf/code/Frame;[I)V @ 711
Event: 36.504 Thread 0x0000000016a6e000 Uncommon trap: reason=bimorphic action=maybe_recompile pc=0x0000000002c230fc method=com.android.dx.ssa.LiteralOpUpgrader.tryReplacingWithConstant(Lcom/android/dx/ssa/NormalSsaInsn;)Z @ 62
Event: 36.504 Thread 0x0000000016b5e000 Uncommon trap: reason=unstable_if action=reinterpret pc=0x0000000002e83ae8 method=com.android.dx.ssa.PhiTypeResolver.equalsHandlesNulls(Lcom/android/dx/rop/code/LocalItem;Lcom/android/dx/rop/code/LocalItem;)Z @ 2
Event: 36.508 Thread 0x0000000016b5e000 Uncommon trap: reason=bimorphic action=maybe_recompile pc=0x0000000002f9b9dc method=com.android.dx.cf.code.BytecodeArray.parseInstruction(ILcom/android/dx/cf/code/BytecodeArray$Visitor;)I @ 1501
Event: 36.512 Thread 0x0000000016b5e000 Uncommon trap: reason=bimorphic action=maybe_recompile pc=0x0000000002f9b9dc method=com.android.dx.cf.code.BytecodeArray.parseInstruction(ILcom/android/dx/cf/code/BytecodeArray$Visitor;)I @ 1501
Event: 36.691 Thread 0x0000000016b59000 Uncommon trap: reason=bimorphic action=maybe_recompile pc=0x0000000002f9b9dc method=com.android.dx.cf.code.BytecodeArray.parseInstruction(ILcom/android/dx/cf/code/BytecodeArray$Visitor;)I @ 1501
Event: 36.707 Thread 0x0000000016b59000 Uncommon trap: reason=bimorphic action=maybe_recompile pc=0x0000000002f9b9dc method=com.android.dx.cf.code.BytecodeArray.parseInstruction(ILcom/android/dx/cf/code/BytecodeArray$Visitor;)I @ 1501
Event: 36.755 Thread 0x0000000016b5e000 Uncommon trap: reason=unstable_if action=reinterpret pc=0x0000000002cdbeb4 method=com.android.dx.rop.code.BasicBlockList.preferredSuccessorOf(Lcom/android/dx/rop/code/BasicBlock;)Lcom/android/dx/rop/code/BasicBlock; @ 58
Event: 36.850 Thread 0x0000000016b5f000 Uncommon trap: reason=bimorphic action=maybe_recompile pc=0x0000000002c230fc method=com.android.dx.ssa.LiteralOpUpgrader.tryReplacingWithConstant(Lcom/android/dx/ssa/NormalSsaInsn;)Z @ 62
Event: 36.886 Thread 0x0000000002580800 Uncommon trap: reason=bimorphic action=maybe_recompile pc=0x0000000002c230fc method=com.android.dx.ssa.LiteralOpUpgrader.tryReplacingWithConstant(Lcom/android/dx/ssa/NormalSsaInsn;)Z @ 62

Internal exceptions (3 events):
Event: 0.151 Thread 0x0000000002580800 Exception <a 'java/lang/NoSuchMethodError': Method sun.misc.Unsafe.defineClass(Ljava/lang/String;[BII)Ljava/lang/Class; name or signature does not match> (0x00000000eab13020) thrown at [D:\re\puppet\workspace\8-2-build-windows-amd64-cygwin\jdk8u73\6086\hotLXü2LÃ?
Event: 0.151 Thread 0x0000000002580800 Exception <a 'java/lang/NoSuchMethodError': Method sun.misc.Unsafe.prefetchRead(Ljava/lang/Object;J)V name or signature does not match> (0x00000000eab13308) thrown at [D:\re\puppet\workspace\8-2-build-windows-amd64-cygwin\jdk8u73\6086\hotspot\src\share\vm\W­úì›0@
Event: 16.609 Thread 0x0000000016b5f000 Implicit null exception at 0x00000000029ce262 to 0x00000000029ce352

Events (10 events):
Event: 36.732 Thread 0x0000000016a6e000 DEOPT UNPACKING pc=0x00000000026c747f sp=0x0000000016ebea20 mode 0
Event: 36.755 Thread 0x0000000016b5e000 Uncommon trap: trap_request=0xffffff65 fr.pc=0x0000000002cdbeb4
Event: 36.755 Thread 0x0000000016b5e000 DEOPT PACKING pc=0x0000000002cdbeb4 sp=0x00000000171beb40
Event: 36.755 Thread 0x0000000016b5e000 DEOPT UNPACKING pc=0x00000000026c582a sp=0x00000000171beac8 mode 2
Event: 36.850 Thread 0x0000000016b5f000 Uncommon trap: trap_request=0xffffffc6 fr.pc=0x0000000002c230fc
Event: 36.850 Thread 0x0000000016b5f000 DEOPT PACKING pc=0x0000000002c230fc sp=0x00000000172bea20
Event: 36.850 Thread 0x0000000016b5f000 DEOPT UNPACKING pc=0x00000000026c582a sp=0x00000000172be9c0 mode 2
Event: 36.886 Thread 0x0000000002580800 Uncommon trap: trap_request=0xffffffc6 fr.pc=0x0000000002c230fc
Event: 36.886 Thread 0x0000000002580800 DEOPT PACKING pc=0x0000000002c230fc sp=0x000000000257e1c0
Event: 36.886 Thread 0x0000000002580800 DEOPT UNPACKING pc=0x00000000026c582a sp=0x000000000257e160 mode 2


Dynamic libraries:
0x00007ff672840000 - 0x00007ff672877000 	C:\Program Files\Java\jdk1.8.0_73\bin\java.exe
0x00007ffaad170000 - 0x00007ffaad319000 	C:\Windows\SYSTEM32\ntdll.dll
0x00007ffaab830000 - 0x00007ffaab969000 	C:\Windows\system32\KERNEL32.DLL
0x00007ffaaa8a0000 - 0x00007ffaaa9ae000 	C:\Windows\system32\KERNELBASE.dll
0x00007ffaa9130000 - 0x00007ffaa91bb000 	C:\Windows\system32\apphelp.dll
0x00007ffaa37c0000 - 0x00007ffaa380f000 	C:\Windows\AppPatch\AppPatch64\AcGenral.DLL
0x00007ffaaaa70000 - 0x00007ffaaab17000 	C:\Windows\system32\msvcrt.dll
0x00007ffaaa330000 - 0x00007ffaaa35b000 	C:\Windows\SYSTEM32\SspiCli.dll
0x00007ffaaaa00000 - 0x00007ffaaaa51000 	C:\Windows\system32\SHLWAPI.dll
0x00007ffaaaf70000 - 0x00007ffaab0e1000 	C:\Windows\system32\USER32.dll
0x00007ffaab0f0000 - 0x00007ffaab266000 	C:\Windows\system32\ole32.dll
0x00007ffaabbc0000 - 0x00007ffaacfcf000 	C:\Windows\system32\SHELL32.dll
0x00007ffaa9b60000 - 0x00007ffaa9b7f000 	C:\Windows\SYSTEM32\USERENV.dll
0x00007ffaab3c0000 - 0x00007ffaab465000 	C:\Windows\system32\ADVAPI32.dll
0x00007ffaa3740000 - 0x00007ffaa375b000 	C:\Windows\SYSTEM32\MPR.dll
0x00007ffaaadc0000 - 0x00007ffaaaef6000 	C:\Windows\system32\RPCRT4.dll
0x00007ffaaab80000 - 0x00007ffaaabd7000 	C:\Windows\SYSTEM32\sechost.dll
0x00007ffaab650000 - 0x00007ffaab827000 	C:\Windows\SYSTEM32\combase.dll
0x00007ffaab270000 - 0x00007ffaab3b5000 	C:\Windows\system32\GDI32.dll
0x00007ffaaa4f0000 - 0x00007ffaaa504000 	C:\Windows\SYSTEM32\profapi.dll
0x00007ffaa8d90000 - 0x00007ffaa8e31000 	C:\Windows\SYSTEM32\SHCORE.dll
0x00007ffaaaf00000 - 0x00007ffaaaf34000 	C:\Windows\system32\IMM32.DLL
0x00007ffaab970000 - 0x00007ffaabaa8000 	C:\Windows\system32\MSCTF.dll
0x00007ffaa6c30000 - 0x00007ffaa6e8a000 	C:\Windows\WinSxS\amd64_microsoft.windows.common-controls_6595b64144ccf1df_6.0.9600.16384_none_62475f7becb72503\COMCTL32.dll
0x0000000063e60000 - 0x0000000063f32000 	C:\Program Files\Java\jdk1.8.0_73\jre\bin\msvcr100.dll
0x0000000064c40000 - 0x00000000654d0000 	C:\Program Files\Java\jdk1.8.0_73\jre\bin\server\jvm.dll
0x00007ffaa6a00000 - 0x00007ffaa6a09000 	C:\Windows\SYSTEM32\WSOCK32.dll
0x00007ffaa8360000 - 0x00007ffaa837f000 	C:\Windows\SYSTEM32\WINMM.dll
0x00007ffaa8380000 - 0x00007ffaa838a000 	C:\Windows\SYSTEM32\VERSION.dll
0x00007ffaaaa60000 - 0x00007ffaaaa67000 	C:\Windows\system32\PSAPI.DLL
0x00007ffaaab20000 - 0x00007ffaaab78000 	C:\Windows\system32\WS2_32.dll
0x00007ffaa8330000 - 0x00007ffaa835a000 	C:\Windows\SYSTEM32\WINMMBASE.dll
0x00007ffaab470000 - 0x00007ffaab479000 	C:\Windows\system32\NSI.dll
0x00007ffaaa670000 - 0x00007ffaaa6ba000 	C:\Windows\SYSTEM32\cfgmgr32.dll
0x00007ffaa9380000 - 0x00007ffaa93a6000 	C:\Windows\SYSTEM32\DEVOBJ.dll
0x0000000064b50000 - 0x0000000064b5f000 	C:\Program Files\Java\jdk1.8.0_73\jre\bin\verify.dll
0x0000000064b20000 - 0x0000000064b49000 	C:\Program Files\Java\jdk1.8.0_73\jre\bin\java.dll
0x0000000064b00000 - 0x0000000064b16000 	C:\Program Files\Java\jdk1.8.0_73\jre\bin\zip.dll

VM Arguments:
jvm_args: -Djava.awt.headless=true -Xmx1024M -Dfile.encoding=windows-1251 -Duser.country=RU -Duser.language=ru -Duser.variant 
java_command: com.android.dx.command.Main --dex --num-threads=4 --output E:\vkDocs-original\app\build\intermediates\pre-dexed\debug\com.google.android.gms-play-services-basement-8.4.0_1795d3a123c165514e84092f57d019a82ceacd0e.jar E:\vkDocs-original\app\build\intermediates\exploded-aar\com.google.android.gms\play-services-basement\8.4.0\jars\classes.jar
java_class_path (initial): C:\Users\pride\AppData\Local\Android\sdk\build-tools\23.0.2\lib\dx.jar
Launcher Type: SUN_STANDARD

Environment Variables:
PATH=C:\ProgramData\Oracle\Java\javapath;C:\Windows\system32;C:\Windows;C:\Windows\System32\Wbem;C:\Windows\System32\WindowsPowerShell\v1.0\
USERNAME=pride
OS=Windows_NT
PROCESSOR_IDENTIFIER=AMD64 Family 22 Model 48 Stepping 1, AuthenticAMD



---------------  S Y S T E M  ---------------

OS: Windows 8.1 , 64 bit Build 9600 (6.3.9600.16408)

CPU:total 4 (4 cores per cpu, 1 threads per core) family 22 model 48 stepping 1, cmov, cx8, fxsr, mmx, sse, sse2, sse3, ssse3, sse4.1, sse4.2, popcnt, avx, aes, clmul, mmxext, 3dnowpref, lzcnt, sse4a, tsc, tscinvbit, tscinv, bmi1

Memory: 4k page, physical 3629328k(749804k free), swap 3629328k(5124k free)

vm_info: Java HotSpot(TM) 64-Bit Server VM (25.73-b02) for windows-amd64 JRE (1.8.0_73-b02), built on Jan 29 2016 17:38:49 by "java_re" with MS VC++ 10.0 (VS2010)

time: Tue Feb 09 00:21:05 2016
elapsed time: 37 seconds (0d 0h 0m 37s)

